Using pre-set license
Built from '2021.2/staging' branch; Version is '2021.2.7f1 (6bd9e232123f) revision 7068130'; Using compiler version '192829333'; Build Type 'Release'
OS: 'Windows 10  (10.0.19045) 64bit Professional' Language: 'ru' Physical Memory: 16382 MB
BatchMode: 1, IsHumanControllingUs: 0, StartBugReporterOnCrash: 0, Is64bit: 1, IsPro: 0

COMMAND LINE ARGUMENTS:
D:\Downloads\prog\2021.2.7f1\Editor\Unity.exe
-adb2
-batchMode
-noUpm
-name
AssetImportWorker0
-projectPath
D:/UnityGAMES/AlphaCat
-logFile
Logs/AssetImportWorker0.log
-srvPort
55914
Successfully changed project path to: D:/UnityGAMES/AlphaCat
D:/UnityGAMES/AlphaCat
[UnityMemory] Configuration Parameters - Can be set up in boot.config
    "memorysetup-bucket-allocator-granularity=16"
    "memorysetup-bucket-allocator-bucket-count=8"
    "memorysetup-bucket-allocator-block-size=33554432"
    "memorysetup-bucket-allocator-block-count=8"
    "memorysetup-main-allocator-block-size=16777216"
    "memorysetup-thread-allocator-block-size=16777216"
    "memorysetup-gfx-main-allocator-block-size=16777216"
    "memorysetup-gfx-thread-allocator-block-size=16777216"
    "memorysetup-cache-allocator-block-size=4194304"
    "memorysetup-typetree-allocator-block-size=2097152"
    "memorysetup-profiler-bucket-allocator-granularity=16"
    "memorysetup-profiler-bucket-allocator-bucket-count=8"
    "memorysetup-profiler-bucket-allocator-block-size=33554432"
    "memorysetup-profiler-bucket-allocator-block-count=8"
    "memorysetup-profiler-allocator-block-size=16777216"
    "memorysetup-profiler-editor-allocator-block-size=1048576"
    "memorysetup-temp-allocator-size-main=16777216"
    "memorysetup-job-temp-allocator-block-size=2097152"
    "memorysetup-job-temp-allocator-block-size-background=1048576"
    "memorysetup-job-temp-allocator-reduction-small-platforms=262144"
    "memorysetup-temp-allocator-size-background-worker=32768"
    "memorysetup-temp-allocator-size-job-worker=262144"
    "memorysetup-temp-allocator-size-preload-manager=33554432"
    "memorysetup-temp-allocator-size-nav-mesh-worker=65536"
    "memorysetup-temp-allocator-size-audio-worker=65536"
    "memorysetup-temp-allocator-size-cloud-worker=32768"
    "memorysetup-temp-allocator-size-gi-baking-worker=262144"
    "memorysetup-temp-allocator-size-gfx=262144"
Refreshing native plugins compatible for Editor in 193.97 ms, found 4 plugins.
Preloading 0 native plugins for Editor in 0.00 ms.
Initialize engine version: 2021.2.7f1 (6bd9e232123f)
[Subsystems] Discovering subsystems at path D:/Downloads/prog/2021.2.7f1/Editor/Data/Resources/UnitySubsystems
[Subsystems] Discovering subsystems at path D:/UnityGAMES/AlphaCat/Assets
GfxDevice: creating device client; threaded=0; jobified=0
Direct3D:
    Version:  Direct3D 11.0 [level 11.1]
    Renderer: AMD Radeon R7 200 Series (ID=0x6658)
    Vendor:   ATI
    VRAM:     2025 MB
    Driver:   22.19.162.4
Initialize mono
Mono path[0] = 'D:/Downloads/prog/2021.2.7f1/Editor/Data/Managed'
Mono path[1] = 'D:/Downloads/prog/2021.2.7f1/Editor/Data/MonoBleedingEdge/lib/mono/unityjit-win32'
Mono config path = 'D:/Downloads/prog/2021.2.7f1/Editor/Data/MonoBleedingEdge/etc'
Using monoOptions --debugger-agent=transport=dt_socket,embedding=1,server=y,suspend=n,address=127.0.0.1:56404
Begin MonoManager ReloadAssembly
Registering precompiled unity dll's ...
Register platform support module: D:/Downloads/prog/2021.2.7f1/Editor/Data/PlaybackEngines/WindowsStandaloneSupport/UnityEditor.WindowsStandalone.Extensions.dll
Registered in 0.008291 seconds.
Native extension for WindowsStandalone target not found
Refreshing native plugins compatible for Editor in 187.28 ms, found 4 plugins.
Preloading 0 native plugins for Editor in 0.00 ms.
Mono: successfully reloaded assembly
- Completed reload, in  1.318 seconds
Domain Reload Profiling:
	ReloadAssembly (1319ms)
		BeginReloadAssembly (158ms)
			ExecutionOrderSort (0ms)
			DisableScriptedObjects (0ms)
			BackupInstance (0ms)
			ReleaseScriptingObjects (0ms)
			CreateAndSetChildDomain (2ms)
		EndReloadAssembly (1009ms)
			LoadAssemblies (152ms)
			RebuildTransferFunctionScriptingTraits (0ms)
			SetupTypeCache (216ms)
			ReleaseScriptCaches (0ms)
			RebuildScriptCaches (77ms)
			SetupLoadedEditorAssemblies (603ms)
				LogAssemblyErrors (0ms)
				InitializePlatformSupportModulesInManaged (33ms)
				SetLoadedEditorAssemblies (0ms)
				RefreshPlugins (187ms)
				BeforeProcessingInitializeOnLoad (3ms)
				ProcessInitializeOnLoadAttributes (281ms)
				ProcessInitializeOnLoadMethodAttributes (98ms)
				AfterProcessingInitializeOnLoad (0ms)
				EditorAssembliesLoaded (0ms)
			ExecutionOrderSort2 (0ms)
			AwakeInstancesAfterBackupRestoration (0ms)
Platform modules already initialized, skipping
Registering precompiled user dll's ...
Registered in 0.012429 seconds.
Begin MonoManager ReloadAssembly
Symbol file LoadedFromMemory doesn't match image D:\UnityGAMES\AlphaCat\Library\PackageCache\com.unity.visualscripting@1.7.6\Editor\VisualScripting.Core\Dependencies\YamlDotNet\Unity.VisualScripting.YamlDotNet.dll
Symbol file LoadedFromMemory doesn't match image D:\UnityGAMES\AlphaCat\Library\PackageCache\com.unity.visualscripting@1.7.6\Editor\VisualScripting.Core\Dependencies\DotNetZip\Unity.VisualScripting.IonicZip.dll
Native extension for WindowsStandalone target not found
Refreshing native plugins compatible for Editor in 194.10 ms, found 4 plugins.
Preloading 0 native plugins for Editor in 0.00 ms.
Mono: successfully reloaded assembly
- Completed reload, in  3.856 seconds
Domain Reload Profiling:
	ReloadAssembly (3857ms)
		BeginReloadAssembly (251ms)
			ExecutionOrderSort (0ms)
			DisableScriptedObjects (13ms)
			BackupInstance (0ms)
			ReleaseScriptingObjects (0ms)
			CreateAndSetChildDomain (44ms)
		EndReloadAssembly (3392ms)
			LoadAssemblies (179ms)
			RebuildTransferFunctionScriptingTraits (0ms)
			SetupTypeCache (495ms)
			ReleaseScriptCaches (1ms)
			RebuildScriptCaches (140ms)
			SetupLoadedEditorAssemblies (2490ms)
				LogAssemblyErrors (0ms)
				InitializePlatformSupportModulesInManaged (21ms)
				SetLoadedEditorAssemblies (0ms)
				RefreshPlugins (194ms)
				BeforeProcessingInitializeOnLoad (213ms)
				ProcessInitializeOnLoadAttributes (1963ms)
				ProcessInitializeOnLoadMethodAttributes (86ms)
				AfterProcessingInitializeOnLoad (12ms)
				EditorAssembliesLoaded (1ms)
			ExecutionOrderSort2 (0ms)
			AwakeInstancesAfterBackupRestoration (13ms)
Platform modules already initialized, skipping
========================================================================
Worker process is ready to serve import requests
Launched and connected shader compiler UnityShaderCompiler.exe after 0.08 seconds
Refreshing native plugins compatible for Editor in 1.61 ms, found 4 plugins.
Preloading 0 native plugins for Editor in 0.00 ms.
Unloading 3950 Unused Serialized files (Serialized files now loaded: 0)
Unloading 36 unused Assets / (30.2 KB). Loaded Objects now: 4418.
Memory consumption went from 153.3 MB to 153.3 MB.
Total: 8.697400 ms (FindLiveObjects: 0.945800 ms CreateObjectMapping: 0.316700 ms MarkObjects: 7.368400 ms  DeleteObjects: 0.063800 ms)

AssetImportParameters requested are different than current active one (requested -> active):
  custom:video-decoder-ogg-theora: a1e56fd34408186e4bbccfd4996cb3dc -> 
  custom:container-muxer-webm: aa71ff27fc2769a1b78a27578f13a17b -> 
  custom:container-demuxer-webm: 4f35f7cbe854078d1ac9338744f61a02 -> 
  custom:video-encoder-webm-vp8: eb34c28f22e8b96e1ab97ce403110664 -> 
  custom:audio-encoder-webm-vorbis: bf7c407c2cedff20999df2af8eb42d56 -> 
  custom:framework-win-MediaFoundation: 216162199b28c13a410421893ffa2e32 -> 
  custom:container-demuxer-ogg: 62fdf1f143b41e24485cea50d1cbac27 -> 
  custom:video-decoder-webm-vp8: 9c59270c3fd7afecdb556c50c9e8de78 -> 
  custom:audio-decoder-ogg-vorbis: bf7c407c2cedff20999df2af8eb42d56 -> 
========================================================================
Received Import Request.
  Time since last request: 39748.913901 seconds.
  path: Assets/Resources/scripts/CodePoints.cs
  artifactKey: Guid(a277c819468a5ca4ba776dbb12e7b2c3) Importer(815301076,1909f56bfc062723c751e8b465ee728b)
Start importing Assets/Resources/scripts/CodePoints.cs using Guid(a277c819468a5ca4ba776dbb12e7b2c3) Importer(815301076,1909f56bfc062723c751e8b465ee728b)  -> (artifact id: '9195ac302c89bc7835e36ce267f7d6b9') in 0.054451 seconds 
========================================================================
Received Import Request.
  Time since last request: 49.086856 seconds.
  path: Assets/Resources/scripts/CodePoints.cs
  artifactKey: Guid(a277c819468a5ca4ba776dbb12e7b2c3) Importer(815301076,1909f56bfc062723c751e8b465ee728b)
Start importing Assets/Resources/scripts/CodePoints.cs using Guid(a277c819468a5ca4ba776dbb12e7b2c3) Importer(815301076,1909f56bfc062723c751e8b465ee728b)  -> (artifact id: '0bcca999dfbfca1a3ece322b43343244') in 0.002981 seconds 
========================================================================
Received Prepare
Registering precompiled user dll's ...
Registered in 0.010386 seconds.
Begin MonoManager ReloadAssembly
Symbol file LoadedFromMemory doesn't match image D:\UnityGAMES\AlphaCat\Library\PackageCache\com.unity.visualscripting@1.7.6\Editor\VisualScripting.Core\Dependencies\YamlDotNet\Unity.VisualScripting.YamlDotNet.dll
Symbol file LoadedFromMemory doesn't match image D:\UnityGAMES\AlphaCat\Library\PackageCache\com.unity.visualscripting@1.7.6\Editor\VisualScripting.Core\Dependencies\DotNetZip\Unity.VisualScripting.IonicZip.dll
Native extension for WindowsStandalone target not found
Refreshing native plugins compatible for Editor in 1.55 ms, found 4 plugins.
Preloading 0 native plugins for Editor in 0.00 ms.
Mono: successfully reloaded assembly
- Completed reload, in  2.471 seconds
Domain Reload Profiling:
	ReloadAssembly (2473ms)
		BeginReloadAssembly (266ms)
			ExecutionOrderSort (0ms)
			DisableScriptedObjects (16ms)
			BackupInstance (0ms)
			ReleaseScriptingObjects (0ms)
			CreateAndSetChildDomain (76ms)
		EndReloadAssembly (2001ms)
			LoadAssemblies (172ms)
			RebuildTransferFunctionScriptingTraits (0ms)
			SetupTypeCache (538ms)
			ReleaseScriptCaches (3ms)
			RebuildScriptCaches (122ms)
			SetupLoadedEditorAssemblies (1052ms)
				LogAssemblyErrors (0ms)
				InitializePlatformSupportModulesInManaged (27ms)
				SetLoadedEditorAssemblies (1ms)
				RefreshPlugins (2ms)
				BeforeProcessingInitializeOnLoad (172ms)
				ProcessInitializeOnLoadAttributes (764ms)
				ProcessInitializeOnLoadMethodAttributes (73ms)
				AfterProcessingInitializeOnLoad (12ms)
				EditorAssembliesLoaded (0ms)
			ExecutionOrderSort2 (0ms)
			AwakeInstancesAfterBackupRestoration (20ms)
Platform modules already initialized, skipping
Refreshing native plugins compatible for Editor in 1.72 ms, found 4 plugins.
Preloading 0 native plugins for Editor in 0.00 ms.
Unloading 3923 Unused Serialized files (Serialized files now loaded: 0)
Unloading 26 unused Assets / (24.6 KB). Loaded Objects now: 4420.
Memory consumption went from 151.1 MB to 151.1 MB.
Total: 8.071600 ms (FindLiveObjects: 0.968900 ms CreateObjectMapping: 0.360000 ms MarkObjects: 6.682300 ms  DeleteObjects: 0.058200 ms)

AssetImportParameters requested are different than current active one (requested -> active):
  custom:video-decoder-ogg-theora: a1e56fd34408186e4bbccfd4996cb3dc -> 
  custom:container-muxer-webm: aa71ff27fc2769a1b78a27578f13a17b -> 
  custom:container-demuxer-webm: 4f35f7cbe854078d1ac9338744f61a02 -> 
  custom:video-encoder-webm-vp8: eb34c28f22e8b96e1ab97ce403110664 -> 
  custom:audio-encoder-webm-vorbis: bf7c407c2cedff20999df2af8eb42d56 -> 
  custom:framework-win-MediaFoundation: 216162199b28c13a410421893ffa2e32 -> 
  custom:container-demuxer-ogg: 62fdf1f143b41e24485cea50d1cbac27 -> 
  custom:video-decoder-webm-vp8: 9c59270c3fd7afecdb556c50c9e8de78 -> 
  custom:audio-decoder-ogg-vorbis: bf7c407c2cedff20999df2af8eb42d56 -> 
========================================================================
Received Prepare
Registering precompiled user dll's ...
Registered in 0.010688 seconds.
Begin MonoManager ReloadAssembly
Symbol file LoadedFromMemory doesn't match image D:\UnityGAMES\AlphaCat\Library\PackageCache\com.unity.visualscripting@1.7.6\Editor\VisualScripting.Core\Dependencies\YamlDotNet\Unity.VisualScripting.YamlDotNet.dll
Symbol file LoadedFromMemory doesn't match image D:\UnityGAMES\AlphaCat\Library\PackageCache\com.unity.visualscripting@1.7.6\Editor\VisualScripting.Core\Dependencies\DotNetZip\Unity.VisualScripting.IonicZip.dll
Native extension for WindowsStandalone target not found
Refreshing native plugins compatible for Editor in 2.00 ms, found 4 plugins.
Preloading 0 native plugins for Editor in 0.00 ms.
Mono: successfully reloaded assembly
- Completed reload, in  2.408 seconds
Domain Reload Profiling:
	ReloadAssembly (2410ms)
		BeginReloadAssembly (255ms)
			ExecutionOrderSort (0ms)
			DisableScriptedObjects (17ms)
			BackupInstance (0ms)
			ReleaseScriptingObjects (0ms)
			CreateAndSetChildDomain (74ms)
		EndReloadAssembly (1964ms)
			LoadAssemblies (170ms)
			RebuildTransferFunctionScriptingTraits (0ms)
			SetupTypeCache (513ms)
			ReleaseScriptCaches (3ms)
			RebuildScriptCaches (120ms)
			SetupLoadedEditorAssemblies (1045ms)
				LogAssemblyErrors (0ms)
				InitializePlatformSupportModulesInManaged (26ms)
				SetLoadedEditorAssemblies (1ms)
				RefreshPlugins (2ms)
				BeforeProcessingInitializeOnLoad (169ms)
				ProcessInitializeOnLoadAttributes (758ms)
				ProcessInitializeOnLoadMethodAttributes (76ms)
				AfterProcessingInitializeOnLoad (12ms)
				EditorAssembliesLoaded (0ms)
			ExecutionOrderSort2 (0ms)
			AwakeInstancesAfterBackupRestoration (20ms)
Platform modules already initialized, skipping
Refreshing native plugins compatible for Editor in 1.69 ms, found 4 plugins.
Preloading 0 native plugins for Editor in 0.00 ms.
Unloading 3923 Unused Serialized files (Serialized files now loaded: 0)
Unloading 26 unused Assets / (25.6 KB). Loaded Objects now: 4422.
Memory consumption went from 151.1 MB to 151.1 MB.
Total: 8.610400 ms (FindLiveObjects: 1.052200 ms CreateObjectMapping: 0.615400 ms MarkObjects: 6.879500 ms  DeleteObjects: 0.060600 ms)

AssetImportParameters requested are different than current active one (requested -> active):
  custom:video-decoder-ogg-theora: a1e56fd34408186e4bbccfd4996cb3dc -> 
  custom:container-muxer-webm: aa71ff27fc2769a1b78a27578f13a17b -> 
  custom:container-demuxer-webm: 4f35f7cbe854078d1ac9338744f61a02 -> 
  custom:video-encoder-webm-vp8: eb34c28f22e8b96e1ab97ce403110664 -> 
  custom:audio-encoder-webm-vorbis: bf7c407c2cedff20999df2af8eb42d56 -> 
  custom:framework-win-MediaFoundation: 216162199b28c13a410421893ffa2e32 -> 
  custom:container-demuxer-ogg: 62fdf1f143b41e24485cea50d1cbac27 -> 
  custom:video-decoder-webm-vp8: 9c59270c3fd7afecdb556c50c9e8de78 -> 
  custom:audio-decoder-ogg-vorbis: bf7c407c2cedff20999df2af8eb42d56 -> 
========================================================================
Received Import Request.
  Time since last request: 921.523680 seconds.
  path: Assets/Resources/scripts/CodePoints.cs
  artifactKey: Guid(a277c819468a5ca4ba776dbb12e7b2c3) Importer(815301076,1909f56bfc062723c751e8b465ee728b)
Start importing Assets/Resources/scripts/CodePoints.cs using Guid(a277c819468a5ca4ba776dbb12e7b2c3) Importer(815301076,1909f56bfc062723c751e8b465ee728b)  -> (artifact id: 'c4e1ff444d8d5c7d03877eb6db5f5cea') in 0.014153 seconds 
========================================================================
Received Prepare
Registering precompiled user dll's ...
Registered in 0.011436 seconds.
Begin MonoManager ReloadAssembly
Symbol file LoadedFromMemory doesn't match image D:\UnityGAMES\AlphaCat\Library\PackageCache\com.unity.visualscripting@1.7.6\Editor\VisualScripting.Core\Dependencies\YamlDotNet\Unity.VisualScripting.YamlDotNet.dll
Symbol file LoadedFromMemory doesn't match image D:\UnityGAMES\AlphaCat\Library\PackageCache\com.unity.visualscripting@1.7.6\Editor\VisualScripting.Core\Dependencies\DotNetZip\Unity.VisualScripting.IonicZip.dll
Native extension for WindowsStandalone target not found
Refreshing native plugins compatible for Editor in 1.66 ms, found 4 plugins.
Preloading 0 native plugins for Editor in 0.00 ms.
Mono: successfully reloaded assembly
- Completed reload, in  2.277 seconds
Domain Reload Profiling:
	ReloadAssembly (2278ms)
		BeginReloadAssembly (277ms)
			ExecutionOrderSort (0ms)
			DisableScriptedObjects (16ms)
			BackupInstance (0ms)
			ReleaseScriptingObjects (0ms)
			CreateAndSetChildDomain (73ms)
		EndReloadAssembly (1806ms)
			LoadAssemblies (198ms)
			RebuildTransferFunctionScriptingTraits (0ms)
			SetupTypeCache (482ms)
			ReleaseScriptCaches (2ms)
			RebuildScriptCaches (99ms)
			SetupLoadedEditorAssemblies (951ms)
				LogAssemblyErrors (0ms)
				InitializePlatformSupportModulesInManaged (24ms)
				SetLoadedEditorAssemblies (1ms)
				RefreshPlugins (2ms)
				BeforeProcessingInitializeOnLoad (163ms)
				ProcessInitializeOnLoadAttributes (683ms)
				ProcessInitializeOnLoadMethodAttributes (67ms)
				AfterProcessingInitializeOnLoad (11ms)
				EditorAssembliesLoaded (0ms)
			ExecutionOrderSort2 (0ms)
			AwakeInstancesAfterBackupRestoration (18ms)
Platform modules already initialized, skipping
Refreshing native plugins compatible for Editor in 1.59 ms, found 4 plugins.
Preloading 0 native plugins for Editor in 0.00 ms.
Unloading 3923 Unused Serialized files (Serialized files now loaded: 0)
Unloading 26 unused Assets / (24.7 KB). Loaded Objects now: 4424.
Memory consumption went from 151.1 MB to 151.1 MB.
Total: 7.629300 ms (FindLiveObjects: 0.908300 ms CreateObjectMapping: 0.306000 ms MarkObjects: 6.357700 ms  DeleteObjects: 0.055100 ms)

AssetImportParameters requested are different than current active one (requested -> active):
  custom:video-decoder-ogg-theora: a1e56fd34408186e4bbccfd4996cb3dc -> 
  custom:container-muxer-webm: aa71ff27fc2769a1b78a27578f13a17b -> 
  custom:container-demuxer-webm: 4f35f7cbe854078d1ac9338744f61a02 -> 
  custom:video-encoder-webm-vp8: eb34c28f22e8b96e1ab97ce403110664 -> 
  custom:audio-encoder-webm-vorbis: bf7c407c2cedff20999df2af8eb42d56 -> 
  custom:framework-win-MediaFoundation: 216162199b28c13a410421893ffa2e32 -> 
  custom:container-demuxer-ogg: 62fdf1f143b41e24485cea50d1cbac27 -> 
  custom:video-decoder-webm-vp8: 9c59270c3fd7afecdb556c50c9e8de78 -> 
  custom:audio-decoder-ogg-vorbis: bf7c407c2cedff20999df2af8eb42d56 -> 
========================================================================
Received Import Request.
  Time since last request: 30.368811 seconds.
  path: Assets/Leohpaz/RPG_Essentials_Free
  artifactKey: Guid(14d37aadb7779b547bc4cf0d9f41760c) Importer(815301076,1909f56bfc062723c751e8b465ee728b)
Start importing Assets/Leohpaz/RPG_Essentials_Free using Guid(14d37aadb7779b547bc4cf0d9f41760c) Importer(815301076,1909f56bfc062723c751e8b465ee728b)  -> (artifact id: 'b3fa220535ef7866000ee766fe364099') in 0.013184 seconds 
========================================================================
Received Import Request.
  Time since last request: 0.857101 seconds.
  path: Assets/Leohpaz/RPG_Essentials_Free/8_Atk_Magic_SFX
  artifactKey: Guid(346b108228ad91c4881c54fac60e294e) Importer(815301076,1909f56bfc062723c751e8b465ee728b)
Start importing Assets/Leohpaz/RPG_Essentials_Free/8_Atk_Magic_SFX using Guid(346b108228ad91c4881c54fac60e294e) Importer(815301076,1909f56bfc062723c751e8b465ee728b)  -> (artifact id: 'db508ff2acbdc1d42a1ba85abad7f413') in 0.029319 seconds 
========================================================================
Received Import Request.
  Time since last request: 0.140458 seconds.
  path: Assets/Leohpaz/RPG_Essentials_Free/8_Atk_Magic_SFX/04_Fire_explosion_04_medium.wav
  artifactKey: Guid(a652877b012108e41871f867ada9f176) Importer(815301076,1909f56bfc062723c751e8b465ee728b)
Start importing Assets/Leohpaz/RPG_Essentials_Free/8_Atk_Magic_SFX/04_Fire_explosion_04_medium.wav using Guid(a652877b012108e41871f867ada9f176) Importer(815301076,1909f56bfc062723c751e8b465ee728b)  -> (artifact id: '0d42f9e1594cfa2c3c73e0d55b9dfdfc') in 0.213769 seconds 
========================================================================
Received Import Request.
  Time since last request: 0.000041 seconds.
  path: Assets/Leohpaz/RPG_Essentials_Free/8_Atk_Magic_SFX/25_Wind_01.wav
  artifactKey: Guid(c91fcf414acc0344cb03b13996f1bf3b) Importer(815301076,1909f56bfc062723c751e8b465ee728b)
Start importing Assets/Leohpaz/RPG_Essentials_Free/8_Atk_Magic_SFX/25_Wind_01.wav using Guid(c91fcf414acc0344cb03b13996f1bf3b) Importer(815301076,1909f56bfc062723c751e8b465ee728b)  -> (artifact id: '88bd372739822e216f0faafd88301084') in 0.039511 seconds 
========================================================================
Received Import Request.
  Time since last request: 0.000045 seconds.
  path: Assets/Leohpaz/RPG_Essentials_Free/8_Atk_Magic_SFX/45_Charge_05.wav
  artifactKey: Guid(d1afd3f4d23c24f418ffc315afb04965) Importer(815301076,1909f56bfc062723c751e8b465ee728b)
Start importing Assets/Leohpaz/RPG_Essentials_Free/8_Atk_Magic_SFX/45_Charge_05.wav using Guid(d1afd3f4d23c24f418ffc315afb04965) Importer(815301076,1909f56bfc062723c751e8b465ee728b)  -> (artifact id: '1f1a12b7f144ccce86feef99fa64e2f5') in 0.042929 seconds 
========================================================================
Received Import Request.
  Time since last request: 0.000041 seconds.
  path: Assets/Leohpaz/RPG_Essentials_Free/8_Atk_Magic_SFX/22_Water_02.wav
  artifactKey: Guid(1eb7cbaf61d23a64bbd36c0a38b5cb0c) Importer(815301076,1909f56bfc062723c751e8b465ee728b)
Start importing Assets/Leohpaz/RPG_Essentials_Free/8_Atk_Magic_SFX/22_Water_02.wav using Guid(1eb7cbaf61d23a64bbd36c0a38b5cb0c) Importer(815301076,1909f56bfc062723c751e8b465ee728b)  -> (artifact id: 'b46525bcf11217dfd37834f28cb9551a') in 0.040675 seconds 
========================================================================
Received Import Request.
  Time since last request: 0.000036 seconds.
  path: Assets/Leohpaz/RPG_Essentials_Free/8_Atk_Magic_SFX/30_Earth_02.wav
  artifactKey: Guid(b7f8695cf65a4f24eb37544298821146) Importer(815301076,1909f56bfc062723c751e8b465ee728b)
Start importing Assets/Leohpaz/RPG_Essentials_Free/8_Atk_Magic_SFX/30_Earth_02.wav using Guid(b7f8695cf65a4f24eb37544298821146) Importer(815301076,1909f56bfc062723c751e8b465ee728b)  -> (artifact id: '9b018a6b1e47c2517f5955c49953253e') in 0.045649 seconds 
========================================================================
Received Import Request.
  Time since last request: 0.000033 seconds.
  path: Assets/Leohpaz/RPG_Essentials_Free/8_Atk_Magic_SFX/13_Ice_explosion_01.wav
  artifactKey: Guid(1d74880bed4586644a16a79a2d9dc8af) Importer(815301076,1909f56bfc062723c751e8b465ee728b)
Start importing Assets/Leohpaz/RPG_Essentials_Free/8_Atk_Magic_SFX/13_Ice_explosion_01.wav using Guid(1d74880bed4586644a16a79a2d9dc8af) Importer(815301076,1909f56bfc062723c751e8b465ee728b)  -> (artifact id: 'b9c18c6ef24703356d96dcace7b12fcb') in 0.051916 seconds 
========================================================================
Received Import Request.
  Time since last request: 0.000034 seconds.
  path: Assets/Leohpaz/RPG_Essentials_Free/8_Atk_Magic_SFX/46_Poison_01.wav
  artifactKey: Guid(83829ff414f47a048b5387e4ab33571c) Importer(815301076,1909f56bfc062723c751e8b465ee728b)
Start importing Assets/Leohpaz/RPG_Essentials_Free/8_Atk_Magic_SFX/46_Poison_01.wav using Guid(83829ff414f47a048b5387e4ab33571c) Importer(815301076,1909f56bfc062723c751e8b465ee728b)  -> (artifact id: 'c8871b27df4089a2892c839063468d67') in 0.056709 seconds 
========================================================================
Received Import Request.
  Time since last request: 0.000042 seconds.
  path: Assets/Leohpaz/RPG_Essentials_Free/8_Atk_Magic_SFX/18_Thunder_02.wav
  artifactKey: Guid(f1cb5d83282f2904a85f73111d068616) Importer(815301076,1909f56bfc062723c751e8b465ee728b)
Start importing Assets/Leohpaz/RPG_Essentials_Free/8_Atk_Magic_SFX/18_Thunder_02.wav using Guid(f1cb5d83282f2904a85f73111d068616) Importer(815301076,1909f56bfc062723c751e8b465ee728b)  -> (artifact id: '3a4c311aa9c6ec187027c02537256a4f') in 0.057150 seconds 
========================================================================
Received Import Request.
  Time since last request: 35.875314 seconds.
  path: Assets/Leohpaz/RPG_Essentials_Free/10_UI_Menu_SFX/001_Hover_01.wav
  artifactKey: Guid(35cf7766e9e2aa542811e896fde57989) Importer(815301076,1909f56bfc062723c751e8b465ee728b)
Start importing Assets/Leohpaz/RPG_Essentials_Free/10_UI_Menu_SFX/001_Hover_01.wav using Guid(35cf7766e9e2aa542811e896fde57989) Importer(815301076,1909f56bfc062723c751e8b465ee728b)  -> (artifact id: 'a13bd82ec363773c42d317382dd3b2b2') in 0.031167 seconds 
========================================================================
Received Import Request.
  Time since last request: 0.000039 seconds.
  path: Assets/Leohpaz/RPG_Essentials_Free/10_UI_Menu_SFX/013_Confirm_03.wav
  artifactKey: Guid(c5cb2ac29e89dbf43a9b644caaad45e6) Importer(815301076,1909f56bfc062723c751e8b465ee728b)
Start importing Assets/Leohpaz/RPG_Essentials_Free/10_UI_Menu_SFX/013_Confirm_03.wav using Guid(c5cb2ac29e89dbf43a9b644caaad45e6) Importer(815301076,1909f56bfc062723c751e8b465ee728b)  -> (artifact id: '2f003ae4fcfd9dbfe6e6171bc9e5aa9e') in 0.050663 seconds 
========================================================================
Received Import Request.
  Time since last request: 0.000055 seconds.
  path: Assets/Leohpaz/RPG_Essentials_Free/10_UI_Menu_SFX/033_Denied_03.wav
  artifactKey: Guid(1ed8fb76fc64e4e46847348138782234) Importer(815301076,1909f56bfc062723c751e8b465ee728b)
Start importing Assets/Leohpaz/RPG_Essentials_Free/10_UI_Menu_SFX/033_Denied_03.wav using Guid(1ed8fb76fc64e4e46847348138782234) Importer(815301076,1909f56bfc062723c751e8b465ee728b)  -> (artifact id: '1405ad73f452b6da1ac85ea07aa8dcaf') in 0.044556 seconds 
========================================================================
Received Import Request.
  Time since last request: 0.000040 seconds.
  path: Assets/Leohpaz/RPG_Essentials_Free/10_UI_Menu_SFX/029_Decline_09.wav
  artifactKey: Guid(7cc057bed53baf34799f52aab3c84800) Importer(815301076,1909f56bfc062723c751e8b465ee728b)
Start importing Assets/Leohpaz/RPG_Essentials_Free/10_UI_Menu_SFX/029_Decline_09.wav using Guid(7cc057bed53baf34799f52aab3c84800) Importer(815301076,1909f56bfc062723c751e8b465ee728b)  -> (artifact id: '2ca83a0c1bda0559f19ae79be6c59bfe') in 0.034628 seconds 
========================================================================
Received Import Request.
  Time since last request: 0.000048 seconds.
  path: Assets/Leohpaz/RPG_Essentials_Free/10_UI_Menu_SFX/051_use_item_01.wav
  artifactKey: Guid(ba39bf8baf6d13046889b2d64822381a) Importer(815301076,1909f56bfc062723c751e8b465ee728b)
Start importing Assets/Leohpaz/RPG_Essentials_Free/10_UI_Menu_SFX/051_use_item_01.wav using Guid(ba39bf8baf6d13046889b2d64822381a) Importer(815301076,1909f56bfc062723c751e8b465ee728b)  -> (artifact id: 'f39f908b20ebd9b36bbec28301ffb913') in 0.045986 seconds 
========================================================================
Received Import Request.
  Time since last request: 0.000037 seconds.
  path: Assets/Leohpaz/RPG_Essentials_Free/10_UI_Menu_SFX/079_Buy_sell_01.wav
  artifactKey: Guid(abdbbfd33a46f4549987385f85c536b5) Importer(815301076,1909f56bfc062723c751e8b465ee728b)
Start importing Assets/Leohpaz/RPG_Essentials_Free/10_UI_Menu_SFX/079_Buy_sell_01.wav using Guid(abdbbfd33a46f4549987385f85c536b5) Importer(815301076,1909f56bfc062723c751e8b465ee728b)  -> (artifact id: '9b3f04a0f2ce903c1af7d59fe75f65f7') in 0.040756 seconds 
========================================================================
Received Import Request.
  Time since last request: 0.000048 seconds.
  path: Assets/Leohpaz/RPG_Essentials_Free/10_UI_Menu_SFX/070_Equip_10.wav
  artifactKey: Guid(490bfbc72255342408984f60044487de) Importer(815301076,1909f56bfc062723c751e8b465ee728b)
Start importing Assets/Leohpaz/RPG_Essentials_Free/10_UI_Menu_SFX/070_Equip_10.wav using Guid(490bfbc72255342408984f60044487de) Importer(815301076,1909f56bfc062723c751e8b465ee728b)  -> (artifact id: 'd5c97cae9e3fce2b61e1edbb78986de5') in 0.039517 seconds 
========================================================================
Received Import Request.
  Time since last request: 0.000040 seconds.
  path: Assets/Leohpaz/RPG_Essentials_Free/10_UI_Menu_SFX/092_Pause_04.wav
  artifactKey: Guid(b83bf8726a7fac349a54389f0c57cda6) Importer(815301076,1909f56bfc062723c751e8b465ee728b)
Start importing Assets/Leohpaz/RPG_Essentials_Free/10_UI_Menu_SFX/092_Pause_04.wav using Guid(b83bf8726a7fac349a54389f0c57cda6) Importer(815301076,1909f56bfc062723c751e8b465ee728b)  -> (artifact id: '2cba58b58f4c699c8a2f44a979d8f51c') in 0.028076 seconds 
========================================================================
Received Import Request.
  Time since last request: 0.000032 seconds.
  path: Assets/Leohpaz/RPG_Essentials_Free/10_UI_Menu_SFX/071_Unequip_01.wav
  artifactKey: Guid(78ad99fd0a0a5144280b07bbdba84815) Importer(815301076,1909f56bfc062723c751e8b465ee728b)
Start importing Assets/Leohpaz/RPG_Essentials_Free/10_UI_Menu_SFX/071_Unequip_01.wav using Guid(78ad99fd0a0a5144280b07bbdba84815) Importer(815301076,1909f56bfc062723c751e8b465ee728b)  -> (artifact id: 'b19385035cb279cb276722089b298e10') in 0.033653 seconds 
========================================================================
Received Import Request.
  Time since last request: 0.000033 seconds.
  path: Assets/Leohpaz/RPG_Essentials_Free/10_UI_Menu_SFX/098_Unpause_04.wav
  artifactKey: Guid(e58d8bd078f188a4ba314e933b98528b) Importer(815301076,1909f56bfc062723c751e8b465ee728b)
Start importing Assets/Leohpaz/RPG_Essentials_Free/10_UI_Menu_SFX/098_Unpause_04.wav using Guid(e58d8bd078f188a4ba314e933b98528b) Importer(815301076,1909f56bfc062723c751e8b465ee728b)  -> (artifact id: '8a5db6d9118f05fe02ddadc2f1ed5262') in 0.024258 seconds 
========================================================================
Received Import Request.
  Time since last request: 5.540921 seconds.
  path: Assets/Leohpaz/RPG_Essentials_Free/12_Player_Movement_SFX/03_Step_grass_03.wav
  artifactKey: Guid(df7087e4d8a8bb546bc08ce68632903f) Importer(815301076,1909f56bfc062723c751e8b465ee728b)
Start importing Assets/Leohpaz/RPG_Essentials_Free/12_Player_Movement_SFX/03_Step_grass_03.wav using Guid(df7087e4d8a8bb546bc08ce68632903f) Importer(815301076,1909f56bfc062723c751e8b465ee728b)  -> (artifact id: '3d464af2ec0eb9531d4ac62c9318d27d') in 0.031238 seconds 
========================================================================
Received Import Request.
  Time since last request: 0.000037 seconds.
  path: Assets/Leohpaz/RPG_Essentials_Free/12_Player_Movement_SFX/26_Swim_Submerged_02.wav
  artifactKey: Guid(c619008f1efb180488a78e4a966a3e16) Importer(815301076,1909f56bfc062723c751e8b465ee728b)
Start importing Assets/Leohpaz/RPG_Essentials_Free/12_Player_Movement_SFX/26_Swim_Submerged_02.wav using Guid(c619008f1efb180488a78e4a966a3e16) Importer(815301076,1909f56bfc062723c751e8b465ee728b)  -> (artifact id: 'd72eb46f62c74747452fdfaad3ae7362') in 0.027282 seconds 
========================================================================
Received Import Request.
  Time since last request: 0.000034 seconds.
  path: Assets/Leohpaz/RPG_Essentials_Free/12_Player_Movement_SFX/45_Landing_01.wav
  artifactKey: Guid(eaae8fe8d600e1f459f34aa5757fa3b8) Importer(815301076,1909f56bfc062723c751e8b465ee728b)
Start importing Assets/Leohpaz/RPG_Essentials_Free/12_Player_Movement_SFX/45_Landing_01.wav using Guid(eaae8fe8d600e1f459f34aa5757fa3b8) Importer(815301076,1909f56bfc062723c751e8b465ee728b)  -> (artifact id: '1adeb357c842bf2395ea42e38931abb0') in 0.043860 seconds 
========================================================================
Received Import Request.
  Time since last request: 0.000033 seconds.
  path: Assets/Leohpaz/RPG_Essentials_Free/12_Player_Movement_SFX/42_Cling_climb_03.wav
  artifactKey: Guid(e1e2d06fe0d78194b9c7c8cc88414d0d) Importer(815301076,1909f56bfc062723c751e8b465ee728b)
Start importing Assets/Leohpaz/RPG_Essentials_Free/12_Player_Movement_SFX/42_Cling_climb_03.wav using Guid(e1e2d06fe0d78194b9c7c8cc88414d0d) Importer(815301076,1909f56bfc062723c751e8b465ee728b)  -> (artifact id: 'e63af2057907e0e70e2c3abcb1838997') in 0.045393 seconds 
========================================================================
Received Import Request.
  Time since last request: 0.000037 seconds.
  path: Assets/Leohpaz/RPG_Essentials_Free/12_Player_Movement_SFX/12_Step_wood_03.wav
  artifactKey: Guid(2352822feb4caa14ebdbc0c713289f8d) Importer(815301076,1909f56bfc062723c751e8b465ee728b)
Start importing Assets/Leohpaz/RPG_Essentials_Free/12_Player_Movement_SFX/12_Step_wood_03.wav using Guid(2352822feb4caa14ebdbc0c713289f8d) Importer(815301076,1909f56bfc062723c751e8b465ee728b)  -> (artifact id: 'c25594929584b72479be5c0db296bd9a') in 0.028674 seconds 
========================================================================
Received Import Request.
  Time since last request: 0.000066 seconds.
  path: Assets/Leohpaz/RPG_Essentials_Free/12_Player_Movement_SFX/52_Dive_02.wav
  artifactKey: Guid(5c7b6d4002009e842bd2621585546d19) Importer(815301076,1909f56bfc062723c751e8b465ee728b)
Start importing Assets/Leohpaz/RPG_Essentials_Free/12_Player_Movement_SFX/52_Dive_02.wav using Guid(5c7b6d4002009e842bd2621585546d19) Importer(815301076,1909f56bfc062723c751e8b465ee728b)  -> (artifact id: 'b9c02246ff75069fee6aec184228be3a') in 0.024377 seconds 
========================================================================
Received Import Request.
  Time since last request: 0.000041 seconds.
  path: Assets/Leohpaz/RPG_Essentials_Free/12_Player_Movement_SFX/30_Jump_03.wav
  artifactKey: Guid(4e349dc959014a845b9aa317d1c2b7f0) Importer(815301076,1909f56bfc062723c751e8b465ee728b)
Start importing Assets/Leohpaz/RPG_Essentials_Free/12_Player_Movement_SFX/30_Jump_03.wav using Guid(4e349dc959014a845b9aa317d1c2b7f0) Importer(815301076,1909f56bfc062723c751e8b465ee728b)  -> (artifact id: '2c97df57200b55364c48591a043e9c81') in 0.019293 seconds 
========================================================================
Received Import Request.
  Time since last request: 0.000035 seconds.
  path: Assets/Leohpaz/RPG_Essentials_Free/12_Player_Movement_SFX/08_Step_rock_02.wav
  artifactKey: Guid(023ea3ddeaa8dd146b7633a0800e5a0e) Importer(815301076,1909f56bfc062723c751e8b465ee728b)
Start importing Assets/Leohpaz/RPG_Essentials_Free/12_Player_Movement_SFX/08_Step_rock_02.wav using Guid(023ea3ddeaa8dd146b7633a0800e5a0e) Importer(815301076,1909f56bfc062723c751e8b465ee728b)  -> (artifact id: 'ae9e2b4570c900127934a2c07416f458') in 0.031735 seconds 
========================================================================
Received Import Request.
  Time since last request: 0.000044 seconds.
  path: Assets/Leohpaz/RPG_Essentials_Free/12_Player_Movement_SFX/56_Attack_03.wav
  artifactKey: Guid(323e15cfe809e114ab92c9f4b25e8bc2) Importer(815301076,1909f56bfc062723c751e8b465ee728b)
Start importing Assets/Leohpaz/RPG_Essentials_Free/12_Player_Movement_SFX/56_Attack_03.wav using Guid(323e15cfe809e114ab92c9f4b25e8bc2) Importer(815301076,1909f56bfc062723c751e8b465ee728b)  -> (artifact id: '3bf61abdb1e5b97e9b0111cf0949eed1') in 0.037343 seconds 
========================================================================
Received Import Request.
  Time since last request: 0.000036 seconds.
  path: Assets/Leohpaz/RPG_Essentials_Free/12_Player_Movement_SFX/14_Step_water_02.wav
  artifactKey: Guid(60f9efe3d97bc8f47bea1af7f7093d41) Importer(815301076,1909f56bfc062723c751e8b465ee728b)
Start importing Assets/Leohpaz/RPG_Essentials_Free/12_Player_Movement_SFX/14_Step_water_02.wav using Guid(60f9efe3d97bc8f47bea1af7f7093d41) Importer(815301076,1909f56bfc062723c751e8b465ee728b)  -> (artifact id: '95c824cfb7733c552092bf3332ed6d34') in 0.037898 seconds 
========================================================================
Received Import Request.
  Time since last request: 0.000034 seconds.
  path: Assets/Leohpaz/RPG_Essentials_Free/12_Player_Movement_SFX/88_Teleport_02.wav
  artifactKey: Guid(8ff2a2d7e79f81c40ac447512f879374) Importer(815301076,1909f56bfc062723c751e8b465ee728b)
Start importing Assets/Leohpaz/RPG_Essentials_Free/12_Player_Movement_SFX/88_Teleport_02.wav using Guid(8ff2a2d7e79f81c40ac447512f879374) Importer(815301076,1909f56bfc062723c751e8b465ee728b)  -> (artifact id: 'e199f0c2e6ffe80fbdc92e27e9842f88') in 0.027621 seconds 
========================================================================
Received Import Request.
  Time since last request: 0.000037 seconds.
  path: Assets/Leohpaz/RPG_Essentials_Free/12_Player_Movement_SFX/61_Hit_03.wav
  artifactKey: Guid(8b23b175a78d6b5458322e3a6c9905d0) Importer(815301076,1909f56bfc062723c751e8b465ee728b)
Start importing Assets/Leohpaz/RPG_Essentials_Free/12_Player_Movement_SFX/61_Hit_03.wav using Guid(8b23b175a78d6b5458322e3a6c9905d0) Importer(815301076,1909f56bfc062723c751e8b465ee728b)  -> (artifact id: '22e684236b8841e2a9c2798b42b1a13b') in 0.034124 seconds 
========================================================================
Received Import Request.
  Time since last request: 6.811819 seconds.
  path: Assets/Leohpaz/RPG_Essentials_Free/10_Battle_SFX/03_Claw_03.wav
  artifactKey: Guid(56703418e3aed4c47a5f6622816b8e41) Importer(815301076,1909f56bfc062723c751e8b465ee728b)
Start importing Assets/Leohpaz/RPG_Essentials_Free/10_Battle_SFX/03_Claw_03.wav using Guid(56703418e3aed4c47a5f6622816b8e41) Importer(815301076,1909f56bfc062723c751e8b465ee728b)  -> (artifact id: 'eb4463738e70b175779fe787699ccaea') in 0.043099 seconds 
========================================================================
Received Import Request.
  Time since last request: 0.000034 seconds.
  path: Assets/Leohpaz/RPG_Essentials_Free/10_Battle_SFX/35_Miss_Evade_02.wav
  artifactKey: Guid(f11db4559b3ffff45b62e9327fc5535d) Importer(815301076,1909f56bfc062723c751e8b465ee728b)
Start importing Assets/Leohpaz/RPG_Essentials_Free/10_Battle_SFX/35_Miss_Evade_02.wav using Guid(f11db4559b3ffff45b62e9327fc5535d) Importer(815301076,1909f56bfc062723c751e8b465ee728b)  -> (artifact id: 'de4c34170c3475c1536c5d7696b934c3') in 0.035122 seconds 
========================================================================
Received Import Request.
  Time since last request: 0.000039 seconds.
  path: Assets/Leohpaz/RPG_Essentials_Free/10_Battle_SFX/51_Flee_02.wav
  artifactKey: Guid(c458b6714dab015479d507b21fd2cead) Importer(815301076,1909f56bfc062723c751e8b465ee728b)
Start importing Assets/Leohpaz/RPG_Essentials_Free/10_Battle_SFX/51_Flee_02.wav using Guid(c458b6714dab015479d507b21fd2cead) Importer(815301076,1909f56bfc062723c751e8b465ee728b)  -> (artifact id: '7a443cd21130e60a33501eb23aa385bb') in 0.020198 seconds 
========================================================================
Received Import Request.
  Time since last request: 0.000032 seconds.
  path: Assets/Leohpaz/RPG_Essentials_Free/10_Battle_SFX/08_Bite_04.wav
  artifactKey: Guid(fd25a15f9797641458336cccfb445343) Importer(815301076,1909f56bfc062723c751e8b465ee728b)
Start importing Assets/Leohpaz/RPG_Essentials_Free/10_Battle_SFX/08_Bite_04.wav using Guid(fd25a15f9797641458336cccfb445343) Importer(815301076,1909f56bfc062723c751e8b465ee728b)  -> (artifact id: 'de7798f4630dd83e9c9f2eff73ff2fdf') in 0.045457 seconds 
========================================================================
Received Import Request.
  Time since last request: 0.000033 seconds.
  path: Assets/Leohpaz/RPG_Essentials_Free/10_Battle_SFX/39_Block_03.wav
  artifactKey: Guid(b7b5a6156961bac44a67504d42ce6fcf) Importer(815301076,1909f56bfc062723c751e8b465ee728b)
Start importing Assets/Leohpaz/RPG_Essentials_Free/10_Battle_SFX/39_Block_03.wav using Guid(b7b5a6156961bac44a67504d42ce6fcf) Importer(815301076,1909f56bfc062723c751e8b465ee728b)  -> (artifact id: '1a8c7f9aab645d109ae7e19541313a57') in 0.050904 seconds 
========================================================================
Received Import Request.
  Time since last request: 0.000045 seconds.
  path: Assets/Leohpaz/RPG_Essentials_Free/10_Battle_SFX/55_Encounter_02.wav
  artifactKey: Guid(21c4a490b24ba2045bc815f7626a40ef) Importer(815301076,1909f56bfc062723c751e8b465ee728b)
Start importing Assets/Leohpaz/RPG_Essentials_Free/10_Battle_SFX/55_Encounter_02.wav using Guid(21c4a490b24ba2045bc815f7626a40ef) Importer(815301076,1909f56bfc062723c751e8b465ee728b)  -> (artifact id: '09d077e62e90abf365a601c89e365aa4') in 0.062881 seconds 
========================================================================
Received Import Request.
  Time since last request: 0.000038 seconds.
  path: Assets/Leohpaz/RPG_Essentials_Free/10_Battle_SFX/22_Slash_04.wav
  artifactKey: Guid(88b1cbe3caa3fee4b8b103b5edd7aba9) Importer(815301076,1909f56bfc062723c751e8b465ee728b)
Start importing Assets/Leohpaz/RPG_Essentials_Free/10_Battle_SFX/22_Slash_04.wav using Guid(88b1cbe3caa3fee4b8b103b5edd7aba9) Importer(815301076,1909f56bfc062723c751e8b465ee728b)  -> (artifact id: '6d7c01cf08fe2ebcaf1b030efc60f4c0') in 0.037343 seconds 
========================================================================
Received Import Request.
  Time since last request: 0.000038 seconds.
  path: Assets/Leohpaz/RPG_Essentials_Free/10_Battle_SFX/69_Enemy_death_01.wav
  artifactKey: Guid(566d2ea6240b489479a6e9fd608c2621) Importer(815301076,1909f56bfc062723c751e8b465ee728b)
Start importing Assets/Leohpaz/RPG_Essentials_Free/10_Battle_SFX/69_Enemy_death_01.wav using Guid(566d2ea6240b489479a6e9fd608c2621) Importer(815301076,1909f56bfc062723c751e8b465ee728b)  -> (artifact id: '4776348e4991e52fbf5b45b6cecb81a5') in 0.021373 seconds 
========================================================================
Received Import Request.
  Time since last request: 0.000054 seconds.
  path: Assets/Leohpaz/RPG_Essentials_Free/10_Battle_SFX/77_flesh_02.wav
  artifactKey: Guid(2b21ef916f6943c439b71a7c74568878) Importer(815301076,1909f56bfc062723c751e8b465ee728b)
Start importing Assets/Leohpaz/RPG_Essentials_Free/10_Battle_SFX/77_flesh_02.wav using Guid(2b21ef916f6943c439b71a7c74568878) Importer(815301076,1909f56bfc062723c751e8b465ee728b)  -> (artifact id: '58cc3b905886b2e94fb2c7148df3c970') in 0.032092 seconds 
========================================================================
Received Import Request.
  Time since last request: 0.000039 seconds.
  path: Assets/Leohpaz/RPG_Essentials_Free/10_Battle_SFX/15_Impact_flesh_02.wav
  artifactKey: Guid(7c47b20bb9874304a809dc5580d403ba) Importer(815301076,1909f56bfc062723c751e8b465ee728b)
Start importing Assets/Leohpaz/RPG_Essentials_Free/10_Battle_SFX/15_Impact_flesh_02.wav using Guid(7c47b20bb9874304a809dc5580d403ba) Importer(815301076,1909f56bfc062723c751e8b465ee728b)  -> (artifact id: '51372c43eb14d4265a3de080f0922523') in 0.035534 seconds 
========================================================================
Received Import Request.
  Time since last request: 52.824068 seconds.
  path: Assets/Leohpaz/RPG_Essentials_Free/8_Buffs_Heals_SFX/02_Heal_02.wav
  artifactKey: Guid(cfce0cea076109f478783201b2a9f57f) Importer(815301076,1909f56bfc062723c751e8b465ee728b)
Start importing Assets/Leohpaz/RPG_Essentials_Free/8_Buffs_Heals_SFX/02_Heal_02.wav using Guid(cfce0cea076109f478783201b2a9f57f) Importer(815301076,1909f56bfc062723c751e8b465ee728b)  -> (artifact id: '6668377d138e5caf0a244970b8bb87c3') in 0.023568 seconds 
========================================================================
Received Import Request.
  Time since last request: 0.000035 seconds.
  path: Assets/Leohpaz/RPG_Essentials_Free/8_Buffs_Heals_SFX/39_Absorb_04.wav
  artifactKey: Guid(7a9de5c4d998126449cf964a6b27a8b0) Importer(815301076,1909f56bfc062723c751e8b465ee728b)
Start importing Assets/Leohpaz/RPG_Essentials_Free/8_Buffs_Heals_SFX/39_Absorb_04.wav using Guid(7a9de5c4d998126449cf964a6b27a8b0) Importer(815301076,1909f56bfc062723c751e8b465ee728b)  -> (artifact id: '37a813f86029bc00ac86962cf1d72f1c') in 0.037859 seconds 
========================================================================
Received Import Request.
  Time since last request: 0.000039 seconds.
  path: Assets/Leohpaz/RPG_Essentials_Free/8_Buffs_Heals_SFX/21_Debuff_01.wav
  artifactKey: Guid(acbcb75601b0082458fda8807f67c813) Importer(815301076,1909f56bfc062723c751e8b465ee728b)
Start importing Assets/Leohpaz/RPG_Essentials_Free/8_Buffs_Heals_SFX/21_Debuff_01.wav using Guid(acbcb75601b0082458fda8807f67c813) Importer(815301076,1909f56bfc062723c751e8b465ee728b)  -> (artifact id: 'a910cbf8ffd6ff5e2d23db0f1c9dc553') in 0.037786 seconds 
========================================================================
Received Import Request.
  Time since last request: 0.000038 seconds.
  path: Assets/Leohpaz/RPG_Essentials_Free/8_Buffs_Heals_SFX/48_Speed_up_02.wav
  artifactKey: Guid(6cf9c85b5a3b88c468b21b9d21250adf) Importer(815301076,1909f56bfc062723c751e8b465ee728b)
Start importing Assets/Leohpaz/RPG_Essentials_Free/8_Buffs_Heals_SFX/48_Speed_up_02.wav using Guid(6cf9c85b5a3b88c468b21b9d21250adf) Importer(815301076,1909f56bfc062723c751e8b465ee728b)  -> (artifact id: '6f8ca27ee787552ef62a52a4d5f5b73f') in 0.039013 seconds 
========================================================================
Received Import Request.
  Time since last request: 0.000066 seconds.
  path: Assets/Leohpaz/RPG_Essentials_Free/8_Buffs_Heals_SFX/16_Atk_buff_04.wav
  artifactKey: Guid(b0e62ed71b1538648b719821f4f63b4c) Importer(815301076,1909f56bfc062723c751e8b465ee728b)
Start importing Assets/Leohpaz/RPG_Essentials_Free/8_Buffs_Heals_SFX/16_Atk_buff_04.wav using Guid(b0e62ed71b1538648b719821f4f63b4c) Importer(815301076,1909f56bfc062723c751e8b465ee728b)  -> (artifact id: 'c951fe8a3a88e6d1b004d2fde22f37ea') in 0.034471 seconds 
========================================================================
Received Import Request.
  Time since last request: 0.000039 seconds.
  path: Assets/Leohpaz/RPG_Essentials_Free/8_Buffs_Heals_SFX/44_Sleep_01.wav
  artifactKey: Guid(aa967a280457c054bb646d57611f5bd0) Importer(815301076,1909f56bfc062723c751e8b465ee728b)
Start importing Assets/Leohpaz/RPG_Essentials_Free/8_Buffs_Heals_SFX/44_Sleep_01.wav using Guid(aa967a280457c054bb646d57611f5bd0) Importer(815301076,1909f56bfc062723c751e8b465ee728b)  -> (artifact id: 'e4b206c3ac84b892d791364aea1d73e3') in 0.034701 seconds 
========================================================================
Received Import Request.
  Time since last request: 0.000039 seconds.
  path: Assets/Leohpaz/RPG_Essentials_Free/8_Buffs_Heals_SFX/17_Def_buff_01.wav
  artifactKey: Guid(00e4eb96f4f6cc249a632e4027644cad) Importer(815301076,1909f56bfc062723c751e8b465ee728b)
Start importing Assets/Leohpaz/RPG_Essentials_Free/8_Buffs_Heals_SFX/17_Def_buff_01.wav using Guid(00e4eb96f4f6cc249a632e4027644cad) Importer(815301076,1909f56bfc062723c751e8b465ee728b)  -> (artifact id: 'd1e5144c04a56bebd5466b9d3c5aa94f') in 0.040394 seconds 
========================================================================
Received Import Request.
  Time since last request: 0.000039 seconds.
  path: Assets/Leohpaz/RPG_Essentials_Free/8_Buffs_Heals_SFX/30_Revive_03.wav
  artifactKey: Guid(d654174ef194bd7479bf4b8d8f753318) Importer(815301076,1909f56bfc062723c751e8b465ee728b)
Start importing Assets/Leohpaz/RPG_Essentials_Free/8_Buffs_Heals_SFX/30_Revive_03.wav using Guid(d654174ef194bd7479bf4b8d8f753318) Importer(815301076,1909f56bfc062723c751e8b465ee728b)  -> (artifact id: '424eb44eea48c9c814e1abe49e246c0c') in 0.061013 seconds 
========================================================================
Received Import Request.
  Time since last request: 206.467874 seconds.
  path: Assets/TextMesh Pro/Examples & Extras/Fonts
  artifactKey: Guid(b63e0053080646b9819789bf3bf9fa17) Importer(815301076,1909f56bfc062723c751e8b465ee728b)
Start importing Assets/TextMesh Pro/Examples & Extras/Fonts using Guid(b63e0053080646b9819789bf3bf9fa17) Importer(815301076,1909f56bfc062723c751e8b465ee728b)  -> (artifact id: '5b631070529d3b301de3572c3b02e201') in 0.002983 seconds 
========================================================================
Received Prepare
Registering precompiled user dll's ...
Registered in 0.010598 seconds.
Begin MonoManager ReloadAssembly
Symbol file LoadedFromMemory doesn't match image D:\UnityGAMES\AlphaCat\Library\PackageCache\com.unity.visualscripting@1.7.6\Editor\VisualScripting.Core\Dependencies\YamlDotNet\Unity.VisualScripting.YamlDotNet.dll
Symbol file LoadedFromMemory doesn't match image D:\UnityGAMES\AlphaCat\Library\PackageCache\com.unity.visualscripting@1.7.6\Editor\VisualScripting.Core\Dependencies\DotNetZip\Unity.VisualScripting.IonicZip.dll
Native extension for WindowsStandalone target not found
Refreshing native plugins compatible for Editor in 1.57 ms, found 4 plugins.
Preloading 0 native plugins for Editor in 0.00 ms.
Mono: successfully reloaded assembly
- Completed reload, in  2.392 seconds
Domain Reload Profiling:
	ReloadAssembly (2393ms)
		BeginReloadAssembly (261ms)
			ExecutionOrderSort (0ms)
			DisableScriptedObjects (15ms)
			BackupInstance (0ms)
			ReleaseScriptingObjects (0ms)
			CreateAndSetChildDomain (72ms)
		EndReloadAssembly (1909ms)
			LoadAssemblies (171ms)
			RebuildTransferFunctionScriptingTraits (0ms)
			SetupTypeCache (528ms)
			ReleaseScriptCaches (3ms)
			RebuildScriptCaches (129ms)
			SetupLoadedEditorAssemblies (983ms)
				LogAssemblyErrors (0ms)
				InitializePlatformSupportModulesInManaged (24ms)
				SetLoadedEditorAssemblies (1ms)
				RefreshPlugins (2ms)
				BeforeProcessingInitializeOnLoad (158ms)
				ProcessInitializeOnLoadAttributes (726ms)
				ProcessInitializeOnLoadMethodAttributes (62ms)
				AfterProcessingInitializeOnLoad (10ms)
				EditorAssembliesLoaded (0ms)
			ExecutionOrderSort2 (0ms)
			AwakeInstancesAfterBackupRestoration (19ms)
Platform modules already initialized, skipping
Refreshing native plugins compatible for Editor in 1.53 ms, found 4 plugins.
Preloading 0 native plugins for Editor in 0.00 ms.
Unloading 3923 Unused Serialized files (Serialized files now loaded: 0)
Unloading 26 unused Assets / (24.6 KB). Loaded Objects now: 4434.
Memory consumption went from 155.5 MB to 155.5 MB.
Total: 7.707400 ms (FindLiveObjects: 0.967000 ms CreateObjectMapping: 0.367400 ms MarkObjects: 6.321400 ms  DeleteObjects: 0.049500 ms)

AssetImportParameters requested are different than current active one (requested -> active):
  custom:video-decoder-ogg-theora: a1e56fd34408186e4bbccfd4996cb3dc -> 
  custom:container-muxer-webm: aa71ff27fc2769a1b78a27578f13a17b -> 
  custom:container-demuxer-webm: 4f35f7cbe854078d1ac9338744f61a02 -> 
  custom:video-encoder-webm-vp8: eb34c28f22e8b96e1ab97ce403110664 -> 
  custom:audio-encoder-webm-vorbis: bf7c407c2cedff20999df2af8eb42d56 -> 
  custom:framework-win-MediaFoundation: 216162199b28c13a410421893ffa2e32 -> 
  custom:container-demuxer-ogg: 62fdf1f143b41e24485cea50d1cbac27 -> 
  custom:video-decoder-webm-vp8: 9c59270c3fd7afecdb556c50c9e8de78 -> 
  custom:audio-decoder-ogg-vorbis: bf7c407c2cedff20999df2af8eb42d56 -> 
========================================================================
Received Import Request.
  Time since last request: 707.013928 seconds.
  path: Assets/Resources/scripts/CodePoints.cs
  artifactKey: Guid(a277c819468a5ca4ba776dbb12e7b2c3) Importer(815301076,1909f56bfc062723c751e8b465ee728b)
Start importing Assets/Resources/scripts/CodePoints.cs using Guid(a277c819468a5ca4ba776dbb12e7b2c3) Importer(815301076,1909f56bfc062723c751e8b465ee728b)  -> (artifact id: '1029f091525c402016a57fb537293d14') in 0.011789 seconds 
========================================================================
Received Import Request.
  Time since last request: 3.073296 seconds.
  path: Assets/Resources/scripts/AllCode.cs
  artifactKey: Guid(a277c819468a5ca4ba776dbb12e7b2c3) Importer(815301076,1909f56bfc062723c751e8b465ee728b)
Start importing Assets/Resources/scripts/AllCode.cs using Guid(a277c819468a5ca4ba776dbb12e7b2c3) Importer(815301076,1909f56bfc062723c751e8b465ee728b)  -> (artifact id: '00f0f886f1bc52574568832e98917b27') in 0.002739 seconds 
========================================================================
Received Prepare
Registering precompiled user dll's ...
Registered in 0.010908 seconds.
Begin MonoManager ReloadAssembly
Symbol file LoadedFromMemory doesn't match image D:\UnityGAMES\AlphaCat\Library\PackageCache\com.unity.visualscripting@1.7.6\Editor\VisualScripting.Core\Dependencies\YamlDotNet\Unity.VisualScripting.YamlDotNet.dll
Symbol file LoadedFromMemory doesn't match image D:\UnityGAMES\AlphaCat\Library\PackageCache\com.unity.visualscripting@1.7.6\Editor\VisualScripting.Core\Dependencies\DotNetZip\Unity.VisualScripting.IonicZip.dll
Native extension for WindowsStandalone target not found
Refreshing native plugins compatible for Editor in 1.76 ms, found 4 plugins.
Preloading 0 native plugins for Editor in 0.00 ms.
Mono: successfully reloaded assembly
- Completed reload, in  2.301 seconds
Domain Reload Profiling:
	ReloadAssembly (2302ms)
		BeginReloadAssembly (279ms)
			ExecutionOrderSort (0ms)
			DisableScriptedObjects (17ms)
			BackupInstance (0ms)
			ReleaseScriptingObjects (0ms)
			CreateAndSetChildDomain (75ms)
		EndReloadAssembly (1818ms)
			LoadAssemblies (196ms)
			RebuildTransferFunctionScriptingTraits (0ms)
			SetupTypeCache (472ms)
			ReleaseScriptCaches (3ms)
			RebuildScriptCaches (110ms)
			SetupLoadedEditorAssemblies (946ms)
				LogAssemblyErrors (0ms)
				InitializePlatformSupportModulesInManaged (24ms)
				SetLoadedEditorAssemblies (1ms)
				RefreshPlugins (2ms)
				BeforeProcessingInitializeOnLoad (165ms)
				ProcessInitializeOnLoadAttributes (675ms)
				ProcessInitializeOnLoadMethodAttributes (67ms)
				AfterProcessingInitializeOnLoad (12ms)
				EditorAssembliesLoaded (0ms)
			ExecutionOrderSort2 (0ms)
			AwakeInstancesAfterBackupRestoration (19ms)
Platform modules already initialized, skipping
Refreshing native plugins compatible for Editor in 1.70 ms, found 4 plugins.
Preloading 0 native plugins for Editor in 0.00 ms.
Unloading 3923 Unused Serialized files (Serialized files now loaded: 0)
Unloading 26 unused Assets / (24.7 KB). Loaded Objects now: 4436.
Memory consumption went from 155.5 MB to 155.5 MB.
Total: 7.464400 ms (FindLiveObjects: 0.885000 ms CreateObjectMapping: 0.339400 ms MarkObjects: 6.189300 ms  DeleteObjects: 0.048000 ms)

AssetImportParameters requested are different than current active one (requested -> active):
  custom:video-decoder-ogg-theora: a1e56fd34408186e4bbccfd4996cb3dc -> 
  custom:container-muxer-webm: aa71ff27fc2769a1b78a27578f13a17b -> 
  custom:container-demuxer-webm: 4f35f7cbe854078d1ac9338744f61a02 -> 
  custom:video-encoder-webm-vp8: eb34c28f22e8b96e1ab97ce403110664 -> 
  custom:audio-encoder-webm-vorbis: bf7c407c2cedff20999df2af8eb42d56 -> 
  custom:framework-win-MediaFoundation: 216162199b28c13a410421893ffa2e32 -> 
  custom:container-demuxer-ogg: 62fdf1f143b41e24485cea50d1cbac27 -> 
  custom:video-decoder-webm-vp8: 9c59270c3fd7afecdb556c50c9e8de78 -> 
  custom:audio-decoder-ogg-vorbis: bf7c407c2cedff20999df2af8eb42d56 -> 
========================================================================
Received Prepare
Registering precompiled user dll's ...
Registered in 0.010460 seconds.
Begin MonoManager ReloadAssembly
Symbol file LoadedFromMemory doesn't match image D:\UnityGAMES\AlphaCat\Library\PackageCache\com.unity.visualscripting@1.7.6\Editor\VisualScripting.Core\Dependencies\YamlDotNet\Unity.VisualScripting.YamlDotNet.dll
Symbol file LoadedFromMemory doesn't match image D:\UnityGAMES\AlphaCat\Library\PackageCache\com.unity.visualscripting@1.7.6\Editor\VisualScripting.Core\Dependencies\DotNetZip\Unity.VisualScripting.IonicZip.dll
Native extension for WindowsStandalone target not found
Refreshing native plugins compatible for Editor in 1.54 ms, found 4 plugins.
Preloading 0 native plugins for Editor in 0.00 ms.
Mono: successfully reloaded assembly
- Completed reload, in  2.154 seconds
Domain Reload Profiling:
	ReloadAssembly (2156ms)
		BeginReloadAssembly (259ms)
			ExecutionOrderSort (0ms)
			DisableScriptedObjects (16ms)
			BackupInstance (0ms)
			ReleaseScriptingObjects (0ms)
			CreateAndSetChildDomain (70ms)
		EndReloadAssembly (1701ms)
			LoadAssemblies (170ms)
			RebuildTransferFunctionScriptingTraits (0ms)
			SetupTypeCache (463ms)
			ReleaseScriptCaches (2ms)
			RebuildScriptCaches (102ms)
			SetupLoadedEditorAssemblies (881ms)
				LogAssemblyErrors (0ms)
				InitializePlatformSupportModulesInManaged (22ms)
				SetLoadedEditorAssemblies (1ms)
				RefreshPlugins (2ms)
				BeforeProcessingInitializeOnLoad (144ms)
				ProcessInitializeOnLoadAttributes (643ms)
				ProcessInitializeOnLoadMethodAttributes (59ms)
				AfterProcessingInitializeOnLoad (10ms)
				EditorAssembliesLoaded (0ms)
			ExecutionOrderSort2 (0ms)
			AwakeInstancesAfterBackupRestoration (17ms)
Platform modules already initialized, skipping
Refreshing native plugins compatible for Editor in 1.56 ms, found 4 plugins.
Preloading 0 native plugins for Editor in 0.00 ms.
Unloading 3923 Unused Serialized files (Serialized files now loaded: 0)
Unloading 26 unused Assets / (24.6 KB). Loaded Objects now: 4438.
Memory consumption went from 155.5 MB to 155.5 MB.
Total: 7.095000 ms (FindLiveObjects: 0.983000 ms CreateObjectMapping: 0.330600 ms MarkObjects: 5.737200 ms  DeleteObjects: 0.041900 ms)

AssetImportParameters requested are different than current active one (requested -> active):
  custom:video-decoder-ogg-theora: a1e56fd34408186e4bbccfd4996cb3dc -> 
  custom:container-muxer-webm: aa71ff27fc2769a1b78a27578f13a17b -> 
  custom:container-demuxer-webm: 4f35f7cbe854078d1ac9338744f61a02 -> 
  custom:video-encoder-webm-vp8: eb34c28f22e8b96e1ab97ce403110664 -> 
  custom:audio-encoder-webm-vorbis: bf7c407c2cedff20999df2af8eb42d56 -> 
  custom:framework-win-MediaFoundation: 216162199b28c13a410421893ffa2e32 -> 
  custom:container-demuxer-ogg: 62fdf1f143b41e24485cea50d1cbac27 -> 
  custom:video-decoder-webm-vp8: 9c59270c3fd7afecdb556c50c9e8de78 -> 
  custom:audio-decoder-ogg-vorbis: bf7c407c2cedff20999df2af8eb42d56 -> 
========================================================================
Received Prepare
Registering precompiled user dll's ...
Registered in 0.011041 seconds.
Begin MonoManager ReloadAssembly
Symbol file LoadedFromMemory doesn't match image D:\UnityGAMES\AlphaCat\Library\PackageCache\com.unity.visualscripting@1.7.6\Editor\VisualScripting.Core\Dependencies\YamlDotNet\Unity.VisualScripting.YamlDotNet.dll
Symbol file LoadedFromMemory doesn't match image D:\UnityGAMES\AlphaCat\Library\PackageCache\com.unity.visualscripting@1.7.6\Editor\VisualScripting.Core\Dependencies\DotNetZip\Unity.VisualScripting.IonicZip.dll
Native extension for WindowsStandalone target not found
Refreshing native plugins compatible for Editor in 1.66 ms, found 4 plugins.
Preloading 0 native plugins for Editor in 0.00 ms.
Mono: successfully reloaded assembly
- Completed reload, in  2.432 seconds
Domain Reload Profiling:
	ReloadAssembly (2434ms)
		BeginReloadAssembly (271ms)
			ExecutionOrderSort (0ms)
			DisableScriptedObjects (16ms)
			BackupInstance (0ms)
			ReleaseScriptingObjects (0ms)
			CreateAndSetChildDomain (74ms)
		EndReloadAssembly (1967ms)
			LoadAssemblies (177ms)
			RebuildTransferFunctionScriptingTraits (0ms)
			SetupTypeCache (503ms)
			ReleaseScriptCaches (2ms)
			RebuildScriptCaches (124ms)
			SetupLoadedEditorAssemblies (1052ms)
				LogAssemblyErrors (0ms)
				InitializePlatformSupportModulesInManaged (27ms)
				SetLoadedEditorAssemblies (1ms)
				RefreshPlugins (2ms)
				BeforeProcessingInitializeOnLoad (168ms)
				ProcessInitializeOnLoadAttributes (769ms)
				ProcessInitializeOnLoadMethodAttributes (73ms)
				AfterProcessingInitializeOnLoad (12ms)
				EditorAssembliesLoaded (0ms)
			ExecutionOrderSort2 (0ms)
			AwakeInstancesAfterBackupRestoration (22ms)
Platform modules already initialized, skipping
Refreshing native plugins compatible for Editor in 1.64 ms, found 4 plugins.
Preloading 0 native plugins for Editor in 0.00 ms.
Unloading 3923 Unused Serialized files (Serialized files now loaded: 0)
Unloading 26 unused Assets / (24.6 KB). Loaded Objects now: 4440.
Memory consumption went from 155.6 MB to 155.5 MB.
Total: 8.506600 ms (FindLiveObjects: 1.006200 ms CreateObjectMapping: 0.390900 ms MarkObjects: 7.058300 ms  DeleteObjects: 0.049000 ms)

AssetImportParameters requested are different than current active one (requested -> active):
  custom:video-decoder-ogg-theora: a1e56fd34408186e4bbccfd4996cb3dc -> 
  custom:container-muxer-webm: aa71ff27fc2769a1b78a27578f13a17b -> 
  custom:container-demuxer-webm: 4f35f7cbe854078d1ac9338744f61a02 -> 
  custom:video-encoder-webm-vp8: eb34c28f22e8b96e1ab97ce403110664 -> 
  custom:audio-encoder-webm-vorbis: bf7c407c2cedff20999df2af8eb42d56 -> 
  custom:framework-win-MediaFoundation: 216162199b28c13a410421893ffa2e32 -> 
  custom:container-demuxer-ogg: 62fdf1f143b41e24485cea50d1cbac27 -> 
  custom:video-decoder-webm-vp8: 9c59270c3fd7afecdb556c50c9e8de78 -> 
  custom:audio-decoder-ogg-vorbis: bf7c407c2cedff20999df2af8eb42d56 -> 
========================================================================
Received Prepare
Registering precompiled user dll's ...
Registered in 0.010835 seconds.
Begin MonoManager ReloadAssembly
Symbol file LoadedFromMemory doesn't match image D:\UnityGAMES\AlphaCat\Library\PackageCache\com.unity.visualscripting@1.7.6\Editor\VisualScripting.Core\Dependencies\YamlDotNet\Unity.VisualScripting.YamlDotNet.dll
Symbol file LoadedFromMemory doesn't match image D:\UnityGAMES\AlphaCat\Library\PackageCache\com.unity.visualscripting@1.7.6\Editor\VisualScripting.Core\Dependencies\DotNetZip\Unity.VisualScripting.IonicZip.dll
Native extension for WindowsStandalone target not found
Refreshing native plugins compatible for Editor in 1.60 ms, found 4 plugins.
Preloading 0 native plugins for Editor in 0.00 ms.
Mono: successfully reloaded assembly
- Completed reload, in  2.311 seconds
Domain Reload Profiling:
	ReloadAssembly (2313ms)
		BeginReloadAssembly (254ms)
			ExecutionOrderSort (0ms)
			DisableScriptedObjects (17ms)
			BackupInstance (0ms)
			ReleaseScriptingObjects (0ms)
			CreateAndSetChildDomain (70ms)
		EndReloadAssembly (1863ms)
			LoadAssemblies (184ms)
			RebuildTransferFunctionScriptingTraits (0ms)
			SetupTypeCache (479ms)
			ReleaseScriptCaches (2ms)
			RebuildScriptCaches (105ms)
			SetupLoadedEditorAssemblies (996ms)
				LogAssemblyErrors (0ms)
				InitializePlatformSupportModulesInManaged (24ms)
				SetLoadedEditorAssemblies (1ms)
				RefreshPlugins (2ms)
				BeforeProcessingInitializeOnLoad (159ms)
				ProcessInitializeOnLoadAttributes (720ms)
				ProcessInitializeOnLoadMethodAttributes (77ms)
				AfterProcessingInitializeOnLoad (13ms)
				EditorAssembliesLoaded (0ms)
			ExecutionOrderSort2 (0ms)
			AwakeInstancesAfterBackupRestoration (23ms)
Platform modules already initialized, skipping
Refreshing native plugins compatible for Editor in 1.70 ms, found 4 plugins.
Preloading 0 native plugins for Editor in 0.00 ms.
Unloading 3923 Unused Serialized files (Serialized files now loaded: 0)
Unloading 26 unused Assets / (24.6 KB). Loaded Objects now: 4442.
Memory consumption went from 155.6 MB to 155.5 MB.
Total: 7.379700 ms (FindLiveObjects: 0.923600 ms CreateObjectMapping: 0.328000 ms MarkObjects: 6.083300 ms  DeleteObjects: 0.042200 ms)

AssetImportParameters requested are different than current active one (requested -> active):
  custom:video-decoder-ogg-theora: a1e56fd34408186e4bbccfd4996cb3dc -> 
  custom:container-muxer-webm: aa71ff27fc2769a1b78a27578f13a17b -> 
  custom:container-demuxer-webm: 4f35f7cbe854078d1ac9338744f61a02 -> 
  custom:video-encoder-webm-vp8: eb34c28f22e8b96e1ab97ce403110664 -> 
  custom:audio-encoder-webm-vorbis: bf7c407c2cedff20999df2af8eb42d56 -> 
  custom:framework-win-MediaFoundation: 216162199b28c13a410421893ffa2e32 -> 
  custom:container-demuxer-ogg: 62fdf1f143b41e24485cea50d1cbac27 -> 
  custom:video-decoder-webm-vp8: 9c59270c3fd7afecdb556c50c9e8de78 -> 
  custom:audio-decoder-ogg-vorbis: bf7c407c2cedff20999df2af8eb42d56 -> 
========================================================================
Received Prepare
Registering precompiled user dll's ...
Registered in 0.010277 seconds.
Begin MonoManager ReloadAssembly
Symbol file LoadedFromMemory doesn't match image D:\UnityGAMES\AlphaCat\Library\PackageCache\com.unity.visualscripting@1.7.6\Editor\VisualScripting.Core\Dependencies\YamlDotNet\Unity.VisualScripting.YamlDotNet.dll
Symbol file LoadedFromMemory doesn't match image D:\UnityGAMES\AlphaCat\Library\PackageCache\com.unity.visualscripting@1.7.6\Editor\VisualScripting.Core\Dependencies\DotNetZip\Unity.VisualScripting.IonicZip.dll
Native extension for WindowsStandalone target not found
Refreshing native plugins compatible for Editor in 1.62 ms, found 4 plugins.
Preloading 0 native plugins for Editor in 0.00 ms.
Mono: successfully reloaded assembly
- Completed reload, in  2.435 seconds
Domain Reload Profiling:
	ReloadAssembly (2437ms)
		BeginReloadAssembly (259ms)
			ExecutionOrderSort (0ms)
			DisableScriptedObjects (15ms)
			BackupInstance (0ms)
			ReleaseScriptingObjects (0ms)
			CreateAndSetChildDomain (68ms)
		EndReloadAssembly (1985ms)
			LoadAssemblies (171ms)
			RebuildTransferFunctionScriptingTraits (0ms)
			SetupTypeCache (500ms)
			ReleaseScriptCaches (3ms)
			RebuildScriptCaches (124ms)
			SetupLoadedEditorAssemblies (1069ms)
				LogAssemblyErrors (0ms)
				InitializePlatformSupportModulesInManaged (27ms)
				SetLoadedEditorAssemblies (1ms)
				RefreshPlugins (2ms)
				BeforeProcessingInitializeOnLoad (170ms)
				ProcessInitializeOnLoadAttributes (781ms)
				ProcessInitializeOnLoadMethodAttributes (75ms)
				AfterProcessingInitializeOnLoad (12ms)
				EditorAssembliesLoaded (0ms)
			ExecutionOrderSort2 (0ms)
			AwakeInstancesAfterBackupRestoration (21ms)
Platform modules already initialized, skipping
Refreshing native plugins compatible for Editor in 1.86 ms, found 4 plugins.
Preloading 0 native plugins for Editor in 0.00 ms.
Unloading 3923 Unused Serialized files (Serialized files now loaded: 0)
Unloading 26 unused Assets / (24.6 KB). Loaded Objects now: 4444.
Memory consumption went from 155.6 MB to 155.5 MB.
Total: 8.836300 ms (FindLiveObjects: 0.948200 ms CreateObjectMapping: 0.311900 ms MarkObjects: 7.526900 ms  DeleteObjects: 0.047000 ms)

AssetImportParameters requested are different than current active one (requested -> active):
  custom:video-decoder-ogg-theora: a1e56fd34408186e4bbccfd4996cb3dc -> 
  custom:container-muxer-webm: aa71ff27fc2769a1b78a27578f13a17b -> 
  custom:container-demuxer-webm: 4f35f7cbe854078d1ac9338744f61a02 -> 
  custom:video-encoder-webm-vp8: eb34c28f22e8b96e1ab97ce403110664 -> 
  custom:audio-encoder-webm-vorbis: bf7c407c2cedff20999df2af8eb42d56 -> 
  custom:framework-win-MediaFoundation: 216162199b28c13a410421893ffa2e32 -> 
  custom:container-demuxer-ogg: 62fdf1f143b41e24485cea50d1cbac27 -> 
  custom:video-decoder-webm-vp8: 9c59270c3fd7afecdb556c50c9e8de78 -> 
  custom:audio-decoder-ogg-vorbis: bf7c407c2cedff20999df2af8eb42d56 -> 
========================================================================
Received Prepare
Registering precompiled user dll's ...
Registered in 0.011195 seconds.
Begin MonoManager ReloadAssembly
Symbol file LoadedFromMemory doesn't match image D:\UnityGAMES\AlphaCat\Library\PackageCache\com.unity.visualscripting@1.7.6\Editor\VisualScripting.Core\Dependencies\YamlDotNet\Unity.VisualScripting.YamlDotNet.dll
Symbol file LoadedFromMemory doesn't match image D:\UnityGAMES\AlphaCat\Library\PackageCache\com.unity.visualscripting@1.7.6\Editor\VisualScripting.Core\Dependencies\DotNetZip\Unity.VisualScripting.IonicZip.dll
Native extension for WindowsStandalone target not found
Refreshing native plugins compatible for Editor in 1.70 ms, found 4 plugins.
Preloading 0 native plugins for Editor in 0.00 ms.
Mono: successfully reloaded assembly
- Completed reload, in  2.338 seconds
Domain Reload Profiling:
	ReloadAssembly (2340ms)
		BeginReloadAssembly (268ms)
			ExecutionOrderSort (0ms)
			DisableScriptedObjects (17ms)
			BackupInstance (0ms)
			ReleaseScriptingObjects (0ms)
			CreateAndSetChildDomain (72ms)
		EndReloadAssembly (1875ms)
			LoadAssemblies (173ms)
			RebuildTransferFunctionScriptingTraits (0ms)
			SetupTypeCache (480ms)
			ReleaseScriptCaches (3ms)
			RebuildScriptCaches (112ms)
			SetupLoadedEditorAssemblies (1013ms)
				LogAssemblyErrors (0ms)
				InitializePlatformSupportModulesInManaged (25ms)
				SetLoadedEditorAssemblies (1ms)
				RefreshPlugins (2ms)
				BeforeProcessingInitializeOnLoad (174ms)
				ProcessInitializeOnLoadAttributes (726ms)
				ProcessInitializeOnLoadMethodAttributes (71ms)
				AfterProcessingInitializeOnLoad (13ms)
				EditorAssembliesLoaded (0ms)
			ExecutionOrderSort2 (0ms)
			AwakeInstancesAfterBackupRestoration (19ms)
Platform modules already initialized, skipping
Refreshing native plugins compatible for Editor in 1.51 ms, found 4 plugins.
Preloading 0 native plugins for Editor in 0.00 ms.
Unloading 3923 Unused Serialized files (Serialized files now loaded: 0)
Unloading 26 unused Assets / (24.6 KB). Loaded Objects now: 4446.
Memory consumption went from 155.6 MB to 155.5 MB.
Total: 8.189000 ms (FindLiveObjects: 0.983200 ms CreateObjectMapping: 0.333800 ms MarkObjects: 6.803800 ms  DeleteObjects: 0.065200 ms)

AssetImportParameters requested are different than current active one (requested -> active):
  custom:video-decoder-ogg-theora: a1e56fd34408186e4bbccfd4996cb3dc -> 
  custom:container-muxer-webm: aa71ff27fc2769a1b78a27578f13a17b -> 
  custom:container-demuxer-webm: 4f35f7cbe854078d1ac9338744f61a02 -> 
  custom:video-encoder-webm-vp8: eb34c28f22e8b96e1ab97ce403110664 -> 
  custom:audio-encoder-webm-vorbis: bf7c407c2cedff20999df2af8eb42d56 -> 
  custom:framework-win-MediaFoundation: 216162199b28c13a410421893ffa2e32 -> 
  custom:container-demuxer-ogg: 62fdf1f143b41e24485cea50d1cbac27 -> 
  custom:video-decoder-webm-vp8: 9c59270c3fd7afecdb556c50c9e8de78 -> 
  custom:audio-decoder-ogg-vorbis: bf7c407c2cedff20999df2af8eb42d56 -> 
========================================================================
Received Prepare
Registering precompiled user dll's ...
Registered in 0.011613 seconds.
Begin MonoManager ReloadAssembly
Symbol file LoadedFromMemory doesn't match image D:\UnityGAMES\AlphaCat\Library\PackageCache\com.unity.visualscripting@1.7.6\Editor\VisualScripting.Core\Dependencies\YamlDotNet\Unity.VisualScripting.YamlDotNet.dll
Symbol file LoadedFromMemory doesn't match image D:\UnityGAMES\AlphaCat\Library\PackageCache\com.unity.visualscripting@1.7.6\Editor\VisualScripting.Core\Dependencies\DotNetZip\Unity.VisualScripting.IonicZip.dll
Native extension for WindowsStandalone target not found
Refreshing native plugins compatible for Editor in 1.70 ms, found 4 plugins.
Preloading 0 native plugins for Editor in 0.00 ms.
Mono: successfully reloaded assembly
- Completed reload, in  2.435 seconds
Domain Reload Profiling:
	ReloadAssembly (2437ms)
		BeginReloadAssembly (254ms)
			ExecutionOrderSort (0ms)
			DisableScriptedObjects (17ms)
			BackupInstance (0ms)
			ReleaseScriptingObjects (0ms)
			CreateAndSetChildDomain (69ms)
		EndReloadAssembly (1982ms)
			LoadAssemblies (180ms)
			RebuildTransferFunctionScriptingTraits (0ms)
			SetupTypeCache (524ms)
			ReleaseScriptCaches (3ms)
			RebuildScriptCaches (124ms)
			SetupLoadedEditorAssemblies (1030ms)
				LogAssemblyErrors (0ms)
				InitializePlatformSupportModulesInManaged (27ms)
				SetLoadedEditorAssemblies (1ms)
				RefreshPlugins (2ms)
				BeforeProcessingInitializeOnLoad (170ms)
				ProcessInitializeOnLoadAttributes (751ms)
				ProcessInitializeOnLoadMethodAttributes (66ms)
				AfterProcessingInitializeOnLoad (13ms)
				EditorAssembliesLoaded (0ms)
			ExecutionOrderSort2 (0ms)
			AwakeInstancesAfterBackupRestoration (19ms)
Platform modules already initialized, skipping
Refreshing native plugins compatible for Editor in 1.60 ms, found 4 plugins.
Preloading 0 native plugins for Editor in 0.00 ms.
Unloading 3923 Unused Serialized files (Serialized files now loaded: 0)
Unloading 26 unused Assets / (24.6 KB). Loaded Objects now: 4448.
Memory consumption went from 155.6 MB to 155.6 MB.
Total: 8.239700 ms (FindLiveObjects: 0.936000 ms CreateObjectMapping: 0.399400 ms MarkObjects: 6.852600 ms  DeleteObjects: 0.049000 ms)

AssetImportParameters requested are different than current active one (requested -> active):
  custom:video-decoder-ogg-theora: a1e56fd34408186e4bbccfd4996cb3dc -> 
  custom:container-muxer-webm: aa71ff27fc2769a1b78a27578f13a17b -> 
  custom:container-demuxer-webm: 4f35f7cbe854078d1ac9338744f61a02 -> 
  custom:video-encoder-webm-vp8: eb34c28f22e8b96e1ab97ce403110664 -> 
  custom:audio-encoder-webm-vorbis: bf7c407c2cedff20999df2af8eb42d56 -> 
  custom:framework-win-MediaFoundation: 216162199b28c13a410421893ffa2e32 -> 
  custom:container-demuxer-ogg: 62fdf1f143b41e24485cea50d1cbac27 -> 
  custom:video-decoder-webm-vp8: 9c59270c3fd7afecdb556c50c9e8de78 -> 
  custom:audio-decoder-ogg-vorbis: bf7c407c2cedff20999df2af8eb42d56 -> 
========================================================================
Received Prepare
Registering precompiled user dll's ...
Registered in 0.010963 seconds.
Begin MonoManager ReloadAssembly
Symbol file LoadedFromMemory doesn't match image D:\UnityGAMES\AlphaCat\Library\PackageCache\com.unity.visualscripting@1.7.6\Editor\VisualScripting.Core\Dependencies\YamlDotNet\Unity.VisualScripting.YamlDotNet.dll
Symbol file LoadedFromMemory doesn't match image D:\UnityGAMES\AlphaCat\Library\PackageCache\com.unity.visualscripting@1.7.6\Editor\VisualScripting.Core\Dependencies\DotNetZip\Unity.VisualScripting.IonicZip.dll
Native extension for WindowsStandalone target not found
Refreshing native plugins compatible for Editor in 1.93 ms, found 4 plugins.
Preloading 0 native plugins for Editor in 0.00 ms.
Mono: successfully reloaded assembly
- Completed reload, in  2.429 seconds
Domain Reload Profiling:
	ReloadAssembly (2430ms)
		BeginReloadAssembly (279ms)
			ExecutionOrderSort (0ms)
			DisableScriptedObjects (16ms)
			BackupInstance (0ms)
			ReleaseScriptingObjects (0ms)
			CreateAndSetChildDomain (83ms)
		EndReloadAssembly (1945ms)
			LoadAssemblies (178ms)
			RebuildTransferFunctionScriptingTraits (0ms)
			SetupTypeCache (556ms)
			ReleaseScriptCaches (3ms)
			RebuildScriptCaches (115ms)
			SetupLoadedEditorAssemblies (990ms)
				LogAssemblyErrors (0ms)
				InitializePlatformSupportModulesInManaged (29ms)
				SetLoadedEditorAssemblies (1ms)
				RefreshPlugins (2ms)
				BeforeProcessingInitializeOnLoad (181ms)
				ProcessInitializeOnLoadAttributes (703ms)
				ProcessInitializeOnLoadMethodAttributes (63ms)
				AfterProcessingInitializeOnLoad (10ms)
				EditorAssembliesLoaded (0ms)
			ExecutionOrderSort2 (0ms)
			AwakeInstancesAfterBackupRestoration (17ms)
Platform modules already initialized, skipping
Refreshing native plugins compatible for Editor in 1.63 ms, found 4 plugins.
Preloading 0 native plugins for Editor in 0.00 ms.
Unloading 3923 Unused Serialized files (Serialized files now loaded: 0)
Unloading 26 unused Assets / (24.6 KB). Loaded Objects now: 4450.
Memory consumption went from 155.6 MB to 155.6 MB.
Total: 8.489800 ms (FindLiveObjects: 1.028700 ms CreateObjectMapping: 0.349900 ms MarkObjects: 7.049700 ms  DeleteObjects: 0.058800 ms)

AssetImportParameters requested are different than current active one (requested -> active):
  custom:video-decoder-ogg-theora: a1e56fd34408186e4bbccfd4996cb3dc -> 
  custom:container-muxer-webm: aa71ff27fc2769a1b78a27578f13a17b -> 
  custom:container-demuxer-webm: 4f35f7cbe854078d1ac9338744f61a02 -> 
  custom:video-encoder-webm-vp8: eb34c28f22e8b96e1ab97ce403110664 -> 
  custom:audio-encoder-webm-vorbis: bf7c407c2cedff20999df2af8eb42d56 -> 
  custom:framework-win-MediaFoundation: 216162199b28c13a410421893ffa2e32 -> 
  custom:container-demuxer-ogg: 62fdf1f143b41e24485cea50d1cbac27 -> 
  custom:video-decoder-webm-vp8: 9c59270c3fd7afecdb556c50c9e8de78 -> 
  custom:audio-decoder-ogg-vorbis: bf7c407c2cedff20999df2af8eb42d56 -> 
========================================================================
Received Prepare
Registering precompiled user dll's ...
Registered in 0.010990 seconds.
Begin MonoManager ReloadAssembly
Symbol file LoadedFromMemory doesn't match image D:\UnityGAMES\AlphaCat\Library\PackageCache\com.unity.visualscripting@1.7.6\Editor\VisualScripting.Core\Dependencies\YamlDotNet\Unity.VisualScripting.YamlDotNet.dll
Symbol file LoadedFromMemory doesn't match image D:\UnityGAMES\AlphaCat\Library\PackageCache\com.unity.visualscripting@1.7.6\Editor\VisualScripting.Core\Dependencies\DotNetZip\Unity.VisualScripting.IonicZip.dll
Native extension for WindowsStandalone target not found
Refreshing native plugins compatible for Editor in 1.67 ms, found 4 plugins.
Preloading 0 native plugins for Editor in 0.00 ms.
Mono: successfully reloaded assembly
- Completed reload, in  2.441 seconds
Domain Reload Profiling:
	ReloadAssembly (2443ms)
		BeginReloadAssembly (262ms)
			ExecutionOrderSort (0ms)
			DisableScriptedObjects (17ms)
			BackupInstance (0ms)
			ReleaseScriptingObjects (0ms)
			CreateAndSetChildDomain (70ms)
		EndReloadAssembly (1985ms)
			LoadAssemblies (172ms)
			RebuildTransferFunctionScriptingTraits (0ms)
			SetupTypeCache (489ms)
			ReleaseScriptCaches (3ms)
			RebuildScriptCaches (125ms)
			SetupLoadedEditorAssemblies (1071ms)
				LogAssemblyErrors (0ms)
				InitializePlatformSupportModulesInManaged (27ms)
				SetLoadedEditorAssemblies (1ms)
				RefreshPlugins (2ms)
				BeforeProcessingInitializeOnLoad (169ms)
				ProcessInitializeOnLoadAttributes (786ms)
				ProcessInitializeOnLoadMethodAttributes (73ms)
				AfterProcessingInitializeOnLoad (12ms)
				EditorAssembliesLoaded (1ms)
			ExecutionOrderSort2 (0ms)
			AwakeInstancesAfterBackupRestoration (21ms)
Platform modules already initialized, skipping
Refreshing native plugins compatible for Editor in 1.72 ms, found 4 plugins.
Preloading 0 native plugins for Editor in 0.00 ms.
Unloading 3923 Unused Serialized files (Serialized files now loaded: 0)
Unloading 26 unused Assets / (24.6 KB). Loaded Objects now: 4452.
Memory consumption went from 155.6 MB to 155.6 MB.
Total: 8.180600 ms (FindLiveObjects: 0.973300 ms CreateObjectMapping: 0.385300 ms MarkObjects: 6.770100 ms  DeleteObjects: 0.049400 ms)

AssetImportParameters requested are different than current active one (requested -> active):
  custom:video-decoder-ogg-theora: a1e56fd34408186e4bbccfd4996cb3dc -> 
  custom:container-muxer-webm: aa71ff27fc2769a1b78a27578f13a17b -> 
  custom:container-demuxer-webm: 4f35f7cbe854078d1ac9338744f61a02 -> 
  custom:video-encoder-webm-vp8: eb34c28f22e8b96e1ab97ce403110664 -> 
  custom:audio-encoder-webm-vorbis: bf7c407c2cedff20999df2af8eb42d56 -> 
  custom:framework-win-MediaFoundation: 216162199b28c13a410421893ffa2e32 -> 
  custom:container-demuxer-ogg: 62fdf1f143b41e24485cea50d1cbac27 -> 
  custom:video-decoder-webm-vp8: 9c59270c3fd7afecdb556c50c9e8de78 -> 
  custom:audio-decoder-ogg-vorbis: bf7c407c2cedff20999df2af8eb42d56 -> 
========================================================================
Received Prepare
Registering precompiled user dll's ...
Registered in 0.010169 seconds.
Begin MonoManager ReloadAssembly
Symbol file LoadedFromMemory doesn't match image D:\UnityGAMES\AlphaCat\Library\PackageCache\com.unity.visualscripting@1.7.6\Editor\VisualScripting.Core\Dependencies\YamlDotNet\Unity.VisualScripting.YamlDotNet.dll
Symbol file LoadedFromMemory doesn't match image D:\UnityGAMES\AlphaCat\Library\PackageCache\com.unity.visualscripting@1.7.6\Editor\VisualScripting.Core\Dependencies\DotNetZip\Unity.VisualScripting.IonicZip.dll
Native extension for WindowsStandalone target not found
Refreshing native plugins compatible for Editor in 1.78 ms, found 4 plugins.
Preloading 0 native plugins for Editor in 0.00 ms.
Mono: successfully reloaded assembly
- Completed reload, in  2.471 seconds
Domain Reload Profiling:
	ReloadAssembly (2473ms)
		BeginReloadAssembly (282ms)
			ExecutionOrderSort (0ms)
			DisableScriptedObjects (21ms)
			BackupInstance (0ms)
			ReleaseScriptingObjects (0ms)
			CreateAndSetChildDomain (78ms)
		EndReloadAssembly (1997ms)
			LoadAssemblies (183ms)
			RebuildTransferFunctionScriptingTraits (0ms)
			SetupTypeCache (502ms)
			ReleaseScriptCaches (3ms)
			RebuildScriptCaches (122ms)
			SetupLoadedEditorAssemblies (1077ms)
				LogAssemblyErrors (0ms)
				InitializePlatformSupportModulesInManaged (27ms)
				SetLoadedEditorAssemblies (1ms)
				RefreshPlugins (2ms)
				BeforeProcessingInitializeOnLoad (178ms)
				ProcessInitializeOnLoadAttributes (783ms)
				ProcessInitializeOnLoadMethodAttributes (72ms)
				AfterProcessingInitializeOnLoad (12ms)
				EditorAssembliesLoaded (1ms)
			ExecutionOrderSort2 (0ms)
			AwakeInstancesAfterBackupRestoration (21ms)
Platform modules already initialized, skipping
Refreshing native plugins compatible for Editor in 1.72 ms, found 4 plugins.
Preloading 0 native plugins for Editor in 0.00 ms.
Unloading 3923 Unused Serialized files (Serialized files now loaded: 0)
Unloading 26 unused Assets / (24.6 KB). Loaded Objects now: 4454.
Memory consumption went from 155.6 MB to 155.6 MB.
Total: 8.321500 ms (FindLiveObjects: 1.067800 ms CreateObjectMapping: 0.367400 ms MarkObjects: 6.838600 ms  DeleteObjects: 0.045300 ms)

AssetImportParameters requested are different than current active one (requested -> active):
  custom:video-decoder-ogg-theora: a1e56fd34408186e4bbccfd4996cb3dc -> 
  custom:container-muxer-webm: aa71ff27fc2769a1b78a27578f13a17b -> 
  custom:container-demuxer-webm: 4f35f7cbe854078d1ac9338744f61a02 -> 
  custom:video-encoder-webm-vp8: eb34c28f22e8b96e1ab97ce403110664 -> 
  custom:audio-encoder-webm-vorbis: bf7c407c2cedff20999df2af8eb42d56 -> 
  custom:framework-win-MediaFoundation: 216162199b28c13a410421893ffa2e32 -> 
  custom:container-demuxer-ogg: 62fdf1f143b41e24485cea50d1cbac27 -> 
  custom:video-decoder-webm-vp8: 9c59270c3fd7afecdb556c50c9e8de78 -> 
  custom:audio-decoder-ogg-vorbis: bf7c407c2cedff20999df2af8eb42d56 -> 
========================================================================
Received Prepare
Registering precompiled user dll's ...
Registered in 0.010060 seconds.
Begin MonoManager ReloadAssembly
Symbol file LoadedFromMemory doesn't match image D:\UnityGAMES\AlphaCat\Library\PackageCache\com.unity.visualscripting@1.7.6\Editor\VisualScripting.Core\Dependencies\YamlDotNet\Unity.VisualScripting.YamlDotNet.dll
Symbol file LoadedFromMemory doesn't match image D:\UnityGAMES\AlphaCat\Library\PackageCache\com.unity.visualscripting@1.7.6\Editor\VisualScripting.Core\Dependencies\DotNetZip\Unity.VisualScripting.IonicZip.dll
Native extension for WindowsStandalone target not found
Refreshing native plugins compatible for Editor in 1.63 ms, found 4 plugins.
Preloading 0 native plugins for Editor in 0.00 ms.
Mono: successfully reloaded assembly
- Completed reload, in  2.514 seconds
Domain Reload Profiling:
	ReloadAssembly (2515ms)
		BeginReloadAssembly (257ms)
			ExecutionOrderSort (0ms)
			DisableScriptedObjects (17ms)
			BackupInstance (0ms)
			ReleaseScriptingObjects (0ms)
			CreateAndSetChildDomain (69ms)
		EndReloadAssembly (2048ms)
			LoadAssemblies (170ms)
			RebuildTransferFunctionScriptingTraits (0ms)
			SetupTypeCache (538ms)
			ReleaseScriptCaches (3ms)
			RebuildScriptCaches (125ms)
			SetupLoadedEditorAssemblies (1083ms)
				LogAssemblyErrors (0ms)
				InitializePlatformSupportModulesInManaged (28ms)
				SetLoadedEditorAssemblies (1ms)
				RefreshPlugins (2ms)
				BeforeProcessingInitializeOnLoad (172ms)
				ProcessInitializeOnLoadAttributes (790ms)
				ProcessInitializeOnLoadMethodAttributes (76ms)
				AfterProcessingInitializeOnLoad (13ms)
				EditorAssembliesLoaded (1ms)
			ExecutionOrderSort2 (0ms)
			AwakeInstancesAfterBackupRestoration (21ms)
Platform modules already initialized, skipping
Refreshing native plugins compatible for Editor in 1.61 ms, found 4 plugins.
Preloading 0 native plugins for Editor in 0.00 ms.
Unloading 3923 Unused Serialized files (Serialized files now loaded: 0)
Unloading 26 unused Assets / (24.7 KB). Loaded Objects now: 4456.
Memory consumption went from 155.6 MB to 155.6 MB.
Total: 9.101800 ms (FindLiveObjects: 0.918000 ms CreateObjectMapping: 0.325900 ms MarkObjects: 7.806000 ms  DeleteObjects: 0.049100 ms)

AssetImportParameters requested are different than current active one (requested -> active):
  custom:video-decoder-ogg-theora: a1e56fd34408186e4bbccfd4996cb3dc -> 
  custom:container-muxer-webm: aa71ff27fc2769a1b78a27578f13a17b -> 
  custom:container-demuxer-webm: 4f35f7cbe854078d1ac9338744f61a02 -> 
  custom:video-encoder-webm-vp8: eb34c28f22e8b96e1ab97ce403110664 -> 
  custom:audio-encoder-webm-vorbis: bf7c407c2cedff20999df2af8eb42d56 -> 
  custom:framework-win-MediaFoundation: 216162199b28c13a410421893ffa2e32 -> 
  custom:container-demuxer-ogg: 62fdf1f143b41e24485cea50d1cbac27 -> 
  custom:video-decoder-webm-vp8: 9c59270c3fd7afecdb556c50c9e8de78 -> 
  custom:audio-decoder-ogg-vorbis: bf7c407c2cedff20999df2af8eb42d56 -> 
========================================================================
Received Prepare
Registering precompiled user dll's ...
Registered in 0.010721 seconds.
Begin MonoManager ReloadAssembly
Symbol file LoadedFromMemory doesn't match image D:\UnityGAMES\AlphaCat\Library\PackageCache\com.unity.visualscripting@1.7.6\Editor\VisualScripting.Core\Dependencies\YamlDotNet\Unity.VisualScripting.YamlDotNet.dll
Symbol file LoadedFromMemory doesn't match image D:\UnityGAMES\AlphaCat\Library\PackageCache\com.unity.visualscripting@1.7.6\Editor\VisualScripting.Core\Dependencies\DotNetZip\Unity.VisualScripting.IonicZip.dll
Native extension for WindowsStandalone target not found
Refreshing native plugins compatible for Editor in 1.75 ms, found 4 plugins.
Preloading 0 native plugins for Editor in 0.00 ms.
Mono: successfully reloaded assembly
- Completed reload, in  2.455 seconds
Domain Reload Profiling:
	ReloadAssembly (2457ms)
		BeginReloadAssembly (260ms)
			ExecutionOrderSort (0ms)
			DisableScriptedObjects (16ms)
			BackupInstance (0ms)
			ReleaseScriptingObjects (0ms)
			CreateAndSetChildDomain (73ms)
		EndReloadAssembly (1992ms)
			LoadAssemblies (179ms)
			RebuildTransferFunctionScriptingTraits (0ms)
			SetupTypeCache (503ms)
			ReleaseScriptCaches (3ms)
			RebuildScriptCaches (127ms)
			SetupLoadedEditorAssemblies (1065ms)
				LogAssemblyErrors (0ms)
				InitializePlatformSupportModulesInManaged (25ms)
				SetLoadedEditorAssemblies (1ms)
				RefreshPlugins (2ms)
				BeforeProcessingInitializeOnLoad (168ms)
				ProcessInitializeOnLoadAttributes (779ms)
				ProcessInitializeOnLoadMethodAttributes (75ms)
				AfterProcessingInitializeOnLoad (13ms)
				EditorAssembliesLoaded (0ms)
			ExecutionOrderSort2 (0ms)
			AwakeInstancesAfterBackupRestoration (19ms)
Platform modules already initialized, skipping
Refreshing native plugins compatible for Editor in 1.57 ms, found 4 plugins.
Preloading 0 native plugins for Editor in 0.00 ms.
Unloading 3923 Unused Serialized files (Serialized files now loaded: 0)
Unloading 26 unused Assets / (24.6 KB). Loaded Objects now: 4458.
Memory consumption went from 155.6 MB to 155.6 MB.
Total: 8.354200 ms (FindLiveObjects: 0.935100 ms CreateObjectMapping: 0.343700 ms MarkObjects: 7.026500 ms  DeleteObjects: 0.046500 ms)

AssetImportParameters requested are different than current active one (requested -> active):
  custom:video-decoder-ogg-theora: a1e56fd34408186e4bbccfd4996cb3dc -> 
  custom:container-muxer-webm: aa71ff27fc2769a1b78a27578f13a17b -> 
  custom:container-demuxer-webm: 4f35f7cbe854078d1ac9338744f61a02 -> 
  custom:video-encoder-webm-vp8: eb34c28f22e8b96e1ab97ce403110664 -> 
  custom:audio-encoder-webm-vorbis: bf7c407c2cedff20999df2af8eb42d56 -> 
  custom:framework-win-MediaFoundation: 216162199b28c13a410421893ffa2e32 -> 
  custom:container-demuxer-ogg: 62fdf1f143b41e24485cea50d1cbac27 -> 
  custom:video-decoder-webm-vp8: 9c59270c3fd7afecdb556c50c9e8de78 -> 
  custom:audio-decoder-ogg-vorbis: bf7c407c2cedff20999df2af8eb42d56 -> 
========================================================================
Received Import Request.
  Time since last request: 1610.689710 seconds.
  path: Packages/com.unity.2d.psdimporter/package.json
  artifactKey: Guid(2f948ecb81c850949a2725b1ba265844) Importer(815301076,1909f56bfc062723c751e8b465ee728b)
Start importing Packages/com.unity.2d.psdimporter/package.json using Guid(2f948ecb81c850949a2725b1ba265844) Importer(815301076,1909f56bfc062723c751e8b465ee728b)  -> (artifact id: '5e0df32bc074cda91608347bbf102bbc') in 0.054185 seconds 
========================================================================
Received Import Request.
  Time since last request: 1.572404 seconds.
  path: Packages/com.unity.test-framework/package.json
  artifactKey: Guid(d6a2e6e4803de7b43baacdc355fc144d) Importer(815301076,1909f56bfc062723c751e8b465ee728b)
Start importing Packages/com.unity.test-framework/package.json using Guid(d6a2e6e4803de7b43baacdc355fc144d) Importer(815301076,1909f56bfc062723c751e8b465ee728b)  -> (artifact id: '094151556ee109ba1c7732a77f343d66') in 0.023100 seconds 
========================================================================
Received Prepare
Registering precompiled user dll's ...
Registered in 0.012132 seconds.
Begin MonoManager ReloadAssembly
Symbol file LoadedFromMemory doesn't match image D:\UnityGAMES\AlphaCat\Library\PackageCache\com.unity.visualscripting@1.7.6\Editor\VisualScripting.Core\Dependencies\YamlDotNet\Unity.VisualScripting.YamlDotNet.dll
Symbol file LoadedFromMemory doesn't match image D:\UnityGAMES\AlphaCat\Library\PackageCache\com.unity.visualscripting@1.7.6\Editor\VisualScripting.Core\Dependencies\DotNetZip\Unity.VisualScripting.IonicZip.dll
Native extension for WindowsStandalone target not found
Refreshing native plugins compatible for Editor in 1.76 ms, found 4 plugins.
Preloading 0 native plugins for Editor in 0.00 ms.
Mono: successfully reloaded assembly
- Completed reload, in  2.495 seconds
Domain Reload Profiling:
	ReloadAssembly (2497ms)
		BeginReloadAssembly (325ms)
			ExecutionOrderSort (0ms)
			DisableScriptedObjects (17ms)
			BackupInstance (0ms)
			ReleaseScriptingObjects (0ms)
			CreateAndSetChildDomain (93ms)
		EndReloadAssembly (1952ms)
			LoadAssemblies (211ms)
			RebuildTransferFunctionScriptingTraits (0ms)
			SetupTypeCache (540ms)
			ReleaseScriptCaches (3ms)
			RebuildScriptCaches (119ms)
			SetupLoadedEditorAssemblies (998ms)
				LogAssemblyErrors (0ms)
				InitializePlatformSupportModulesInManaged (27ms)
				SetLoadedEditorAssemblies (1ms)
				RefreshPlugins (2ms)
				BeforeProcessingInitializeOnLoad (169ms)
				ProcessInitializeOnLoadAttributes (725ms)
				ProcessInitializeOnLoadMethodAttributes (63ms)
				AfterProcessingInitializeOnLoad (10ms)
				EditorAssembliesLoaded (0ms)
			ExecutionOrderSort2 (0ms)
			AwakeInstancesAfterBackupRestoration (19ms)
Platform modules already initialized, skipping
Refreshing native plugins compatible for Editor in 1.67 ms, found 4 plugins.
Preloading 0 native plugins for Editor in 0.00 ms.
Unloading 3923 Unused Serialized files (Serialized files now loaded: 0)
Unloading 26 unused Assets / (24.6 KB). Loaded Objects now: 4460.
Memory consumption went from 155.6 MB to 155.6 MB.
Total: 8.206100 ms (FindLiveObjects: 0.970600 ms CreateObjectMapping: 0.354600 ms MarkObjects: 6.828500 ms  DeleteObjects: 0.049800 ms)

AssetImportParameters requested are different than current active one (requested -> active):
  custom:video-decoder-ogg-theora: a1e56fd34408186e4bbccfd4996cb3dc -> 
  custom:container-muxer-webm: aa71ff27fc2769a1b78a27578f13a17b -> 
  custom:container-demuxer-webm: 4f35f7cbe854078d1ac9338744f61a02 -> 
  custom:video-encoder-webm-vp8: eb34c28f22e8b96e1ab97ce403110664 -> 
  custom:audio-encoder-webm-vorbis: bf7c407c2cedff20999df2af8eb42d56 -> 
  custom:framework-win-MediaFoundation: 216162199b28c13a410421893ffa2e32 -> 
  custom:container-demuxer-ogg: 62fdf1f143b41e24485cea50d1cbac27 -> 
  custom:video-decoder-webm-vp8: 9c59270c3fd7afecdb556c50c9e8de78 -> 
  custom:audio-decoder-ogg-vorbis: bf7c407c2cedff20999df2af8eb42d56 -> 
